---------- Date: 2019-05-05 14:43:06 ~ IP : 127.0.0.1 ----------
REQUEST URI : /ruchnaya-seyalka/
MOD DETAILS:
   modFile   : X:\home\agrosemena.test\www\vqmod/xml/vqmod_ocu_waitlist.xml
   id        : OCU Waitlist
   version   : 1.0
   vqmver    : 2.1.5
   author    : Eugene Kuligin by Ukrainian OpenCart Development Team

File Name    : catalog/view/theme/default/template/product/category.tpl(0)
VQModObject::applyMod - SEARCH NOT FOUND (ABORTING MOD): <input type="button" value="<?php echo $button_cart; ?>" onclick="addToCart('<?php echo $product['product_id']; ?>');" class="button" />
----------------------------------------------------------------------


---------- Date: 2019-05-05 15:47:20 ~ IP : 127.0.0.1 ----------
REQUEST URI : /semena/
MOD DETAILS:
   modFile   : X:\home\agrosemena.test\www\vqmod/xml/vqmod_ocu_waitlist.xml
   id        : OCU Waitlist
   version   : 1.0
   vqmver    : 2.1.5
   author    : Eugene Kuligin by Ukrainian OpenCart Development Team

File Name    : catalog/view/theme/default/template/product/category.tpl(0)
VQModObject::applyMod - SEARCH NOT FOUND (ABORTING MOD): <input type="button" value="<?php echo $button_cart; ?>" onclick="addToCart('<?php echo $product['product_id']; ?>');" class="button" />
----------------------------------------------------------------------


---------- Date: 2019-05-05 15:47:25 ~ IP : 127.0.0.1 ----------
REQUEST URI : /semena/ovoshhi/
MOD DETAILS:
   modFile   : X:\home\agrosemena.test\www\vqmod/xml/vqmod_ocu_waitlist.xml
   id        : OCU Waitlist
   version   : 1.0
   vqmver    : 2.1.5
   author    : Eugene Kuligin by Ukrainian OpenCart Development Team

File Name    : catalog/view/theme/default/template/product/category.tpl(0)
VQModObject::applyMod - SEARCH NOT FOUND (ABORTING MOD): <input type="button" value="<?php echo $button_cart; ?>" onclick="addToCart('<?php echo $product['product_id']; ?>');" class="button" />
----------------------------------------------------------------------


---------- Date: 2019-05-05 15:47:30 ~ IP : 127.0.0.1 ----------
REQUEST URI : /semena/ovoshhi/arbuzy/
MOD DETAILS:
   modFile   : X:\home\agrosemena.test\www\vqmod/xml/vqmod_ocu_waitlist.xml
   id        : OCU Waitlist
   version   : 1.0
   vqmver    : 2.1.5
   author    : Eugene Kuligin by Ukrainian OpenCart Development Team

File Name    : catalog/view/theme/default/template/product/category.tpl(0)
VQModObject::applyMod - SEARCH NOT FOUND (ABORTING MOD): <input type="button" value="<?php echo $button_cart; ?>" onclick="addToCart('<?php echo $product['product_id']; ?>');" class="button" />
----------------------------------------------------------------------


---------- Date: 2019-05-05 15:55:54 ~ IP : 127.0.0.1 ----------
REQUEST URI : /semena/
MOD DETAILS:
   modFile   : X:\home\agrosemena.test\www\vqmod/xml/vqmod_ocu_waitlist.xml
   id        : OCU Waitlist
   version   : 1.0
   vqmver    : 2.1.5
   author    : Eugene Kuligin by Ukrainian OpenCart Development Team

File Name    : catalog/view/theme/default/template/product/category.tpl(0)
VQModObject::applyMod - SEARCH NOT FOUND (ABORTING MOD): <input type="button" value="<?php echo $button_cart; ?>" onclick="addToCart('<?php echo $product['product_id']; ?>');" class="button" />
----------------------------------------------------------------------


---------- Date: 2019-05-05 16:01:48 ~ IP : 127.0.0.1 ----------
REQUEST URI : /semena/
MOD DETAILS:
   modFile   : X:\home\agrosemena.test\www\vqmod/xml/vqmod_ocu_waitlist.xml
   id        : OCU Waitlist
   version   : 1.0
   vqmver    : 2.1.5
   author    : Eugene Kuligin by Ukrainian OpenCart Development Team

File Name    : catalog/view/theme/default/template/product/category.tpl(0)
VQModObject::applyMod - SEARCH NOT FOUND (ABORTING MOD): <input type="button" value="<?php echo $button_cart; ?>" onclick="addToCart('<?php echo $product['product_id']; ?>');" class="button" />
----------------------------------------------------------------------


---------- Date: 2019-05-05 16:01:52 ~ IP : 127.0.0.1 ----------
REQUEST URI : /semena/
MOD DETAILS:
   modFile   : X:\home\agrosemena.test\www\vqmod/xml/vqmod_ocu_waitlist.xml
   id        : OCU Waitlist
   version   : 1.0
   vqmver    : 2.1.5
   author    : Eugene Kuligin by Ukrainian OpenCart Development Team

File Name    : catalog/view/theme/default/template/product/category.tpl(0)
VQModObject::applyMod - SEARCH NOT FOUND (ABORTING MOD): <input type="button" value="<?php echo $button_cart; ?>" onclick="addToCart('<?php echo $product['product_id']; ?>');" class="button" />
----------------------------------------------------------------------


---------- Date: 2019-05-05 16:02:17 ~ IP : 127.0.0.1 ----------
REQUEST URI : /semena/
MOD DETAILS:
   modFile   : X:\home\agrosemena.test\www\vqmod/xml/vqmod_ocu_waitlist.xml
   id        : OCU Waitlist
   version   : 1.0
   vqmver    : 2.1.5
   author    : Eugene Kuligin by Ukrainian OpenCart Development Team

File Name    : catalog/view/theme/default/template/product/category.tpl(0)
VQModObject::applyMod - SEARCH NOT FOUND (ABORTING MOD): <input type="button" value="<?php echo $button_cart; ?>" onclick="addToCart('<?php echo $product['product_id']; ?>');" class="button" />
----------------------------------------------------------------------


---------- Date: 2019-05-05 16:03:40 ~ IP : 127.0.0.1 ----------
REQUEST URI : /semena/
MOD DETAILS:
   modFile   : X:\home\agrosemena.test\www\vqmod/xml/vqmod_ocu_waitlist.xml
   id        : OCU Waitlist
   version   : 1.0
   vqmver    : 2.1.5
   author    : Eugene Kuligin by Ukrainian OpenCart Development Team

File Name    : catalog/view/theme/default/template/product/category.tpl(0)
VQModObject::applyMod - SEARCH NOT FOUND (ABORTING MOD): <input type="button" value="<?php echo $button_cart; ?>" onclick="addToCart('<?php echo $product['product_id']; ?>');" class="button" />
----------------------------------------------------------------------


---------- Date: 2019-05-05 16:04:28 ~ IP : 127.0.0.1 ----------
REQUEST URI : /semena/
MOD DETAILS:
   modFile   : X:\home\agrosemena.test\www\vqmod/xml/vqmod_ocu_waitlist.xml
   id        : OCU Waitlist
   version   : 1.0
   vqmver    : 2.1.5
   author    : Eugene Kuligin by Ukrainian OpenCart Development Team

File Name    : catalog/view/theme/default/template/product/category.tpl(0)
VQModObject::applyMod - SEARCH NOT FOUND (ABORTING MOD): <input type="button" value="<?php echo $button_cart; ?>" onclick="addToCart('<?php echo $product['product_id']; ?>');" class="button" />
----------------------------------------------------------------------


---------- Date: 2019-05-05 16:05:21 ~ IP : 127.0.0.1 ----------
REQUEST URI : /semena/
MOD DETAILS:
   modFile   : X:\home\agrosemena.test\www\vqmod/xml/vqmod_ocu_waitlist.xml
   id        : OCU Waitlist
   version   : 1.0
   vqmver    : 2.1.5
   author    : Eugene Kuligin by Ukrainian OpenCart Development Team

File Name    : catalog/view/theme/default/template/product/category.tpl(0)
VQModObject::applyMod - SEARCH NOT FOUND (ABORTING MOD): <input type="button" value="<?php echo $button_cart; ?>" onclick="addToCart('<?php echo $product['product_id']; ?>');" class="button" />
----------------------------------------------------------------------


---------- Date: 2019-05-05 16:07:12 ~ IP : 127.0.0.1 ----------
REQUEST URI : /semena/
MOD DETAILS:
   modFile   : X:\home\agrosemena.test\www\vqmod/xml/vqmod_ocu_waitlist.xml
   id        : OCU Waitlist
   version   : 1.0
   vqmver    : 2.1.5
   author    : Eugene Kuligin by Ukrainian OpenCart Development Team

File Name    : catalog/view/theme/default/template/product/category.tpl(0)
VQModObject::applyMod - SEARCH NOT FOUND (ABORTING MOD): <input type="button" value="<?php echo $button_cart; ?>" onclick="addToCart('<?php echo $product['product_id']; ?>');" class="button" />
----------------------------------------------------------------------


---------- Date: 2019-05-05 16:07:27 ~ IP : 127.0.0.1 ----------
REQUEST URI : /semena/inkrustirovannye-semena/
MOD DETAILS:
   modFile   : X:\home\agrosemena.test\www\vqmod/xml/vqmod_ocu_waitlist.xml
   id        : OCU Waitlist
   version   : 1.0
   vqmver    : 2.1.5
   author    : Eugene Kuligin by Ukrainian OpenCart Development Team

File Name    : catalog/view/theme/default/template/product/category.tpl(0)
VQModObject::applyMod - SEARCH NOT FOUND (ABORTING MOD): <input type="button" value="<?php echo $button_cart; ?>" onclick="addToCart('<?php echo $product['product_id']; ?>');" class="button" />
----------------------------------------------------------------------


---------- Date: 2019-05-05 16:07:35 ~ IP : 127.0.0.1 ----------
REQUEST URI : /semena/
MOD DETAILS:
   modFile   : X:\home\agrosemena.test\www\vqmod/xml/vqmod_ocu_waitlist.xml
   id        : OCU Waitlist
   version   : 1.0
   vqmver    : 2.1.5
   author    : Eugene Kuligin by Ukrainian OpenCart Development Team

File Name    : catalog/view/theme/default/template/product/category.tpl(0)
VQModObject::applyMod - SEARCH NOT FOUND (ABORTING MOD): <input type="button" value="<?php echo $button_cart; ?>" onclick="addToCart('<?php echo $product['product_id']; ?>');" class="button" />
----------------------------------------------------------------------


---------- Date: 2019-05-05 16:07:39 ~ IP : 127.0.0.1 ----------
REQUEST URI : /semena/drazhirovannye-semena/
MOD DETAILS:
   modFile   : X:\home\agrosemena.test\www\vqmod/xml/vqmod_ocu_waitlist.xml
   id        : OCU Waitlist
   version   : 1.0
   vqmver    : 2.1.5
   author    : Eugene Kuligin by Ukrainian OpenCart Development Team

File Name    : catalog/view/theme/default/template/product/category.tpl(0)
VQModObject::applyMod - SEARCH NOT FOUND (ABORTING MOD): <input type="button" value="<?php echo $button_cart; ?>" onclick="addToCart('<?php echo $product['product_id']; ?>');" class="button" />
----------------------------------------------------------------------


---------- Date: 2019-05-05 16:07:55 ~ IP : 127.0.0.1 ----------
REQUEST URI : /semena/cvety/
MOD DETAILS:
   modFile   : X:\home\agrosemena.test\www\vqmod/xml/vqmod_ocu_waitlist.xml
   id        : OCU Waitlist
   version   : 1.0
   vqmver    : 2.1.5
   author    : Eugene Kuligin by Ukrainian OpenCart Development Team

File Name    : catalog/view/theme/default/template/product/category.tpl(0)
VQModObject::applyMod - SEARCH NOT FOUND (ABORTING MOD): <input type="button" value="<?php echo $button_cart; ?>" onclick="addToCart('<?php echo $product['product_id']; ?>');" class="button" />
----------------------------------------------------------------------


---------- Date: 2019-05-05 16:08:08 ~ IP : 127.0.0.1 ----------
REQUEST URI : /semena/
MOD DETAILS:
   modFile   : X:\home\agrosemena.test\www\vqmod/xml/vqmod_ocu_waitlist.xml
   id        : OCU Waitlist
   version   : 1.0
   vqmver    : 2.1.5
   author    : Eugene Kuligin by Ukrainian OpenCart Development Team

File Name    : catalog/view/theme/default/template/product/category.tpl(0)
VQModObject::applyMod - SEARCH NOT FOUND (ABORTING MOD): <input type="button" value="<?php echo $button_cart; ?>" onclick="addToCart('<?php echo $product['product_id']; ?>');" class="button" />
----------------------------------------------------------------------


---------- Date: 2019-05-05 16:31:02 ~ IP : 127.0.0.1 ----------
REQUEST URI : /semena/
MOD DETAILS:
   modFile   : X:\home\agrosemena.test\www\vqmod/xml/vqmod_ocu_waitlist.xml
   id        : OCU Waitlist
   version   : 1.0
   vqmver    : 2.1.5
   author    : Eugene Kuligin by Ukrainian OpenCart Development Team

File Name    : catalog/view/theme/default/template/product/category.tpl(0)
VQModObject::applyMod - SEARCH NOT FOUND (ABORTING MOD): <input type="button" value="<?php echo $button_cart; ?>" onclick="addToCart('<?php echo $product['product_id']; ?>');" class="button" />
----------------------------------------------------------------------


---------- Date: 2019-05-05 16:32:03 ~ IP : 127.0.0.1 ----------
REQUEST URI : /semena/
MOD DETAILS:
   modFile   : X:\home\agrosemena.test\www\vqmod/xml/vqmod_ocu_waitlist.xml
   id        : OCU Waitlist
   version   : 1.0
   vqmver    : 2.1.5
   author    : Eugene Kuligin by Ukrainian OpenCart Development Team

File Name    : catalog/view/theme/default/template/product/category.tpl(0)
VQModObject::applyMod - SEARCH NOT FOUND (ABORTING MOD): <input type="button" value="<?php echo $button_cart; ?>" onclick="addToCart('<?php echo $product['product_id']; ?>');" class="button" />
----------------------------------------------------------------------


---------- Date: 2019-05-05 16:32:57 ~ IP : 127.0.0.1 ----------
REQUEST URI : /semena/
MOD DETAILS:
   modFile   : X:\home\agrosemena.test\www\vqmod/xml/vqmod_ocu_waitlist.xml
   id        : OCU Waitlist
   version   : 1.0
   vqmver    : 2.1.5
   author    : Eugene Kuligin by Ukrainian OpenCart Development Team

File Name    : catalog/view/theme/default/template/product/category.tpl(0)
VQModObject::applyMod - SEARCH NOT FOUND (ABORTING MOD): <input type="button" value="<?php echo $button_cart; ?>" onclick="addToCart('<?php echo $product['product_id']; ?>');" class="button" />
----------------------------------------------------------------------


---------- Date: 2019-05-05 16:33:45 ~ IP : 127.0.0.1 ----------
REQUEST URI : /semena/
MOD DETAILS:
   modFile   : X:\home\agrosemena.test\www\vqmod/xml/vqmod_ocu_waitlist.xml
   id        : OCU Waitlist
   version   : 1.0
   vqmver    : 2.1.5
   author    : Eugene Kuligin by Ukrainian OpenCart Development Team

File Name    : catalog/view/theme/default/template/product/category.tpl(0)
VQModObject::applyMod - SEARCH NOT FOUND (ABORTING MOD): <input type="button" value="<?php echo $button_cart; ?>" onclick="addToCart('<?php echo $product['product_id']; ?>');" class="button" />
----------------------------------------------------------------------


---------- Date: 2019-05-05 16:34:28 ~ IP : 127.0.0.1 ----------
REQUEST URI : /semena/
MOD DETAILS:
   modFile   : X:\home\agrosemena.test\www\vqmod/xml/vqmod_ocu_waitlist.xml
   id        : OCU Waitlist
   version   : 1.0
   vqmver    : 2.1.5
   author    : Eugene Kuligin by Ukrainian OpenCart Development Team

File Name    : catalog/view/theme/default/template/product/category.tpl(0)
VQModObject::applyMod - SEARCH NOT FOUND (ABORTING MOD): <input type="button" value="<?php echo $button_cart; ?>" onclick="addToCart('<?php echo $product['product_id']; ?>');" class="button" />
----------------------------------------------------------------------


---------- Date: 2019-05-05 16:35:12 ~ IP : 127.0.0.1 ----------
REQUEST URI : /semena/
MOD DETAILS:
   modFile   : X:\home\agrosemena.test\www\vqmod/xml/vqmod_ocu_waitlist.xml
   id        : OCU Waitlist
   version   : 1.0
   vqmver    : 2.1.5
   author    : Eugene Kuligin by Ukrainian OpenCart Development Team

File Name    : catalog/view/theme/default/template/product/category.tpl(0)
VQModObject::applyMod - SEARCH NOT FOUND (ABORTING MOD): <input type="button" value="<?php echo $button_cart; ?>" onclick="addToCart('<?php echo $product['product_id']; ?>');" class="button" />
----------------------------------------------------------------------


---------- Date: 2019-05-05 16:35:53 ~ IP : 127.0.0.1 ----------
REQUEST URI : /semena/
MOD DETAILS:
   modFile   : X:\home\agrosemena.test\www\vqmod/xml/vqmod_ocu_waitlist.xml
   id        : OCU Waitlist
   version   : 1.0
   vqmver    : 2.1.5
   author    : Eugene Kuligin by Ukrainian OpenCart Development Team

File Name    : catalog/view/theme/default/template/product/category.tpl(0)
VQModObject::applyMod - SEARCH NOT FOUND (ABORTING MOD): <input type="button" value="<?php echo $button_cart; ?>" onclick="addToCart('<?php echo $product['product_id']; ?>');" class="button" />
----------------------------------------------------------------------


---------- Date: 2019-05-05 16:36:18 ~ IP : 127.0.0.1 ----------
REQUEST URI : /semena/
MOD DETAILS:
   modFile   : X:\home\agrosemena.test\www\vqmod/xml/vqmod_ocu_waitlist.xml
   id        : OCU Waitlist
   version   : 1.0
   vqmver    : 2.1.5
   author    : Eugene Kuligin by Ukrainian OpenCart Development Team

File Name    : catalog/view/theme/default/template/product/category.tpl(0)
VQModObject::applyMod - SEARCH NOT FOUND (ABORTING MOD): <input type="button" value="<?php echo $button_cart; ?>" onclick="addToCart('<?php echo $product['product_id']; ?>');" class="button" />
----------------------------------------------------------------------


---------- Date: 2019-05-05 16:36:30 ~ IP : 127.0.0.1 ----------
REQUEST URI : /semena/
MOD DETAILS:
   modFile   : X:\home\agrosemena.test\www\vqmod/xml/vqmod_ocu_waitlist.xml
   id        : OCU Waitlist
   version   : 1.0
   vqmver    : 2.1.5
   author    : Eugene Kuligin by Ukrainian OpenCart Development Team

File Name    : catalog/view/theme/default/template/product/category.tpl(0)
VQModObject::applyMod - SEARCH NOT FOUND (ABORTING MOD): <input type="button" value="<?php echo $button_cart; ?>" onclick="addToCart('<?php echo $product['product_id']; ?>');" class="button" />
----------------------------------------------------------------------


---------- Date: 2019-05-05 16:37:07 ~ IP : 127.0.0.1 ----------
REQUEST URI : /semena/
MOD DETAILS:
   modFile   : X:\home\agrosemena.test\www\vqmod/xml/vqmod_ocu_waitlist.xml
   id        : OCU Waitlist
   version   : 1.0
   vqmver    : 2.1.5
   author    : Eugene Kuligin by Ukrainian OpenCart Development Team

File Name    : catalog/view/theme/default/template/product/category.tpl(0)
VQModObject::applyMod - SEARCH NOT FOUND (ABORTING MOD): <input type="button" value="<?php echo $button_cart; ?>" onclick="addToCart('<?php echo $product['product_id']; ?>');" class="button" />
----------------------------------------------------------------------


---------- Date: 2019-05-05 16:37:43 ~ IP : 127.0.0.1 ----------
REQUEST URI : /semena/
MOD DETAILS:
   modFile   : X:\home\agrosemena.test\www\vqmod/xml/vqmod_ocu_waitlist.xml
   id        : OCU Waitlist
   version   : 1.0
   vqmver    : 2.1.5
   author    : Eugene Kuligin by Ukrainian OpenCart Development Team

File Name    : catalog/view/theme/default/template/product/category.tpl(0)
VQModObject::applyMod - SEARCH NOT FOUND (ABORTING MOD): <input type="button" value="<?php echo $button_cart; ?>" onclick="addToCart('<?php echo $product['product_id']; ?>');" class="button" />
----------------------------------------------------------------------


---------- Date: 2019-05-05 16:38:16 ~ IP : 127.0.0.1 ----------
REQUEST URI : /semena/
MOD DETAILS:
   modFile   : X:\home\agrosemena.test\www\vqmod/xml/vqmod_ocu_waitlist.xml
   id        : OCU Waitlist
   version   : 1.0
   vqmver    : 2.1.5
   author    : Eugene Kuligin by Ukrainian OpenCart Development Team

File Name    : catalog/view/theme/default/template/product/category.tpl(0)
VQModObject::applyMod - SEARCH NOT FOUND (ABORTING MOD): <input type="button" value="<?php echo $button_cart; ?>" onclick="addToCart('<?php echo $product['product_id']; ?>');" class="button" />
----------------------------------------------------------------------


---------- Date: 2019-05-05 16:38:29 ~ IP : 127.0.0.1 ----------
REQUEST URI : /semena/
MOD DETAILS:
   modFile   : X:\home\agrosemena.test\www\vqmod/xml/vqmod_ocu_waitlist.xml
   id        : OCU Waitlist
   version   : 1.0
   vqmver    : 2.1.5
   author    : Eugene Kuligin by Ukrainian OpenCart Development Team

File Name    : catalog/view/theme/default/template/product/category.tpl(0)
VQModObject::applyMod - SEARCH NOT FOUND (ABORTING MOD): <input type="button" value="<?php echo $button_cart; ?>" onclick="addToCart('<?php echo $product['product_id']; ?>');" class="button" />
----------------------------------------------------------------------


---------- Date: 2019-05-05 16:38:45 ~ IP : 127.0.0.1 ----------
REQUEST URI : /semena/
MOD DETAILS:
   modFile   : X:\home\agrosemena.test\www\vqmod/xml/vqmod_ocu_waitlist.xml
   id        : OCU Waitlist
   version   : 1.0
   vqmver    : 2.1.5
   author    : Eugene Kuligin by Ukrainian OpenCart Development Team

File Name    : catalog/view/theme/default/template/product/category.tpl(0)
VQModObject::applyMod - SEARCH NOT FOUND (ABORTING MOD): <input type="button" value="<?php echo $button_cart; ?>" onclick="addToCart('<?php echo $product['product_id']; ?>');" class="button" />
----------------------------------------------------------------------


---------- Date: 2019-05-05 16:39:06 ~ IP : 127.0.0.1 ----------
REQUEST URI : /ruchnaya-seyalka/
MOD DETAILS:
   modFile   : X:\home\agrosemena.test\www\vqmod/xml/vqmod_ocu_waitlist.xml
   id        : OCU Waitlist
   version   : 1.0
   vqmver    : 2.1.5
   author    : Eugene Kuligin by Ukrainian OpenCart Development Team

File Name    : catalog/view/theme/default/template/product/category.tpl(0)
VQModObject::applyMod - SEARCH NOT FOUND (ABORTING MOD): <input type="button" value="<?php echo $button_cart; ?>" onclick="addToCart('<?php echo $product['product_id']; ?>');" class="button" />
----------------------------------------------------------------------


---------- Date: 2019-05-05 16:39:10 ~ IP : 127.0.0.1 ----------
REQUEST URI : /semena/
MOD DETAILS:
   modFile   : X:\home\agrosemena.test\www\vqmod/xml/vqmod_ocu_waitlist.xml
   id        : OCU Waitlist
   version   : 1.0
   vqmver    : 2.1.5
   author    : Eugene Kuligin by Ukrainian OpenCart Development Team

File Name    : catalog/view/theme/default/template/product/category.tpl(0)
VQModObject::applyMod - SEARCH NOT FOUND (ABORTING MOD): <input type="button" value="<?php echo $button_cart; ?>" onclick="addToCart('<?php echo $product['product_id']; ?>');" class="button" />
----------------------------------------------------------------------


---------- Date: 2019-05-05 16:39:18 ~ IP : 127.0.0.1 ----------
REQUEST URI : /semena/inkrustirovannye-semena/
MOD DETAILS:
   modFile   : X:\home\agrosemena.test\www\vqmod/xml/vqmod_ocu_waitlist.xml
   id        : OCU Waitlist
   version   : 1.0
   vqmver    : 2.1.5
   author    : Eugene Kuligin by Ukrainian OpenCart Development Team

File Name    : catalog/view/theme/default/template/product/category.tpl(0)
VQModObject::applyMod - SEARCH NOT FOUND (ABORTING MOD): <input type="button" value="<?php echo $button_cart; ?>" onclick="addToCart('<?php echo $product['product_id']; ?>');" class="button" />
----------------------------------------------------------------------


---------- Date: 2019-05-05 16:39:23 ~ IP : 127.0.0.1 ----------
REQUEST URI : /semena/vesovye-semena/
MOD DETAILS:
   modFile   : X:\home\agrosemena.test\www\vqmod/xml/vqmod_ocu_waitlist.xml
   id        : OCU Waitlist
   version   : 1.0
   vqmver    : 2.1.5
   author    : Eugene Kuligin by Ukrainian OpenCart Development Team

File Name    : catalog/view/theme/default/template/product/category.tpl(0)
VQModObject::applyMod - SEARCH NOT FOUND (ABORTING MOD): <input type="button" value="<?php echo $button_cart; ?>" onclick="addToCart('<?php echo $product['product_id']; ?>');" class="button" />
----------------------------------------------------------------------


---------- Date: 2019-05-05 16:39:28 ~ IP : 127.0.0.1 ----------
REQUEST URI : /semena/zelen/
MOD DETAILS:
   modFile   : X:\home\agrosemena.test\www\vqmod/xml/vqmod_ocu_waitlist.xml
   id        : OCU Waitlist
   version   : 1.0
   vqmver    : 2.1.5
   author    : Eugene Kuligin by Ukrainian OpenCart Development Team

File Name    : catalog/view/theme/default/template/product/category.tpl(0)
VQModObject::applyMod - SEARCH NOT FOUND (ABORTING MOD): <input type="button" value="<?php echo $button_cart; ?>" onclick="addToCart('<?php echo $product['product_id']; ?>');" class="button" />
----------------------------------------------------------------------


---------- Date: 2019-05-05 16:39:47 ~ IP : 127.0.0.1 ----------
REQUEST URI : /semena/
MOD DETAILS:
   modFile   : X:\home\agrosemena.test\www\vqmod/xml/vqmod_ocu_waitlist.xml
   id        : OCU Waitlist
   version   : 1.0
   vqmver    : 2.1.5
   author    : Eugene Kuligin by Ukrainian OpenCart Development Team

File Name    : catalog/view/theme/default/template/product/category.tpl(0)
VQModObject::applyMod - SEARCH NOT FOUND (ABORTING MOD): <input type="button" value="<?php echo $button_cart; ?>" onclick="addToCart('<?php echo $product['product_id']; ?>');" class="button" />
----------------------------------------------------------------------


---------- Date: 2019-05-05 16:44:49 ~ IP : 127.0.0.1 ----------
REQUEST URI : /semena/
MOD DETAILS:
   modFile   : X:\home\agrosemena.test\www\vqmod/xml/vqmod_ocu_waitlist.xml
   id        : OCU Waitlist
   version   : 1.0
   vqmver    : 2.1.5
   author    : Eugene Kuligin by Ukrainian OpenCart Development Team

File Name    : catalog/view/theme/default/template/product/category.tpl(0)
VQModObject::applyMod - SEARCH NOT FOUND (ABORTING MOD): <input type="button" value="<?php echo $button_cart; ?>" onclick="addToCart('<?php echo $product['product_id']; ?>');" class="button" />
----------------------------------------------------------------------


---------- Date: 2019-05-05 16:45:02 ~ IP : 127.0.0.1 ----------
REQUEST URI : /semena/
MOD DETAILS:
   modFile   : X:\home\agrosemena.test\www\vqmod/xml/vqmod_ocu_waitlist.xml
   id        : OCU Waitlist
   version   : 1.0
   vqmver    : 2.1.5
   author    : Eugene Kuligin by Ukrainian OpenCart Development Team

File Name    : catalog/view/theme/default/template/product/category.tpl(0)
VQModObject::applyMod - SEARCH NOT FOUND (ABORTING MOD): <input type="button" value="<?php echo $button_cart; ?>" onclick="addToCart('<?php echo $product['product_id']; ?>');" class="button" />
----------------------------------------------------------------------


---------- Date: 2019-05-05 16:45:57 ~ IP : 127.0.0.1 ----------
REQUEST URI : /semena/
MOD DETAILS:
   modFile   : X:\home\agrosemena.test\www\vqmod/xml/vqmod_ocu_waitlist.xml
   id        : OCU Waitlist
   version   : 1.0
   vqmver    : 2.1.5
   author    : Eugene Kuligin by Ukrainian OpenCart Development Team

File Name    : catalog/view/theme/default/template/product/category.tpl(0)
VQModObject::applyMod - SEARCH NOT FOUND (ABORTING MOD): <input type="button" value="<?php echo $button_cart; ?>" onclick="addToCart('<?php echo $product['product_id']; ?>');" class="button" />
----------------------------------------------------------------------


---------- Date: 2019-05-05 16:46:25 ~ IP : 127.0.0.1 ----------
REQUEST URI : /semena/
MOD DETAILS:
   modFile   : X:\home\agrosemena.test\www\vqmod/xml/vqmod_ocu_waitlist.xml
   id        : OCU Waitlist
   version   : 1.0
   vqmver    : 2.1.5
   author    : Eugene Kuligin by Ukrainian OpenCart Development Team

File Name    : catalog/view/theme/default/template/product/category.tpl(0)
VQModObject::applyMod - SEARCH NOT FOUND (ABORTING MOD): <input type="button" value="<?php echo $button_cart; ?>" onclick="addToCart('<?php echo $product['product_id']; ?>');" class="button" />
----------------------------------------------------------------------


---------- Date: 2019-05-05 16:46:36 ~ IP : 127.0.0.1 ----------
REQUEST URI : /semena/
MOD DETAILS:
   modFile   : X:\home\agrosemena.test\www\vqmod/xml/vqmod_ocu_waitlist.xml
   id        : OCU Waitlist
   version   : 1.0
   vqmver    : 2.1.5
   author    : Eugene Kuligin by Ukrainian OpenCart Development Team

File Name    : catalog/view/theme/default/template/product/category.tpl(0)
VQModObject::applyMod - SEARCH NOT FOUND (ABORTING MOD): <input type="button" value="<?php echo $button_cart; ?>" onclick="addToCart('<?php echo $product['product_id']; ?>');" class="button" />
----------------------------------------------------------------------


---------- Date: 2019-05-05 16:46:45 ~ IP : 127.0.0.1 ----------
REQUEST URI : /semena/
MOD DETAILS:
   modFile   : X:\home\agrosemena.test\www\vqmod/xml/vqmod_ocu_waitlist.xml
   id        : OCU Waitlist
   version   : 1.0
   vqmver    : 2.1.5
   author    : Eugene Kuligin by Ukrainian OpenCart Development Team

File Name    : catalog/view/theme/default/template/product/category.tpl(0)
VQModObject::applyMod - SEARCH NOT FOUND (ABORTING MOD): <input type="button" value="<?php echo $button_cart; ?>" onclick="addToCart('<?php echo $product['product_id']; ?>');" class="button" />
----------------------------------------------------------------------


---------- Date: 2019-05-05 16:47:06 ~ IP : 127.0.0.1 ----------
REQUEST URI : /semena/
MOD DETAILS:
   modFile   : X:\home\agrosemena.test\www\vqmod/xml/vqmod_ocu_waitlist.xml
   id        : OCU Waitlist
   version   : 1.0
   vqmver    : 2.1.5
   author    : Eugene Kuligin by Ukrainian OpenCart Development Team

File Name    : catalog/view/theme/default/template/product/category.tpl(0)
VQModObject::applyMod - SEARCH NOT FOUND (ABORTING MOD): <input type="button" value="<?php echo $button_cart; ?>" onclick="addToCart('<?php echo $product['product_id']; ?>');" class="button" />
----------------------------------------------------------------------


---------- Date: 2019-05-05 16:47:34 ~ IP : 127.0.0.1 ----------
REQUEST URI : /semena/
MOD DETAILS:
   modFile   : X:\home\agrosemena.test\www\vqmod/xml/vqmod_ocu_waitlist.xml
   id        : OCU Waitlist
   version   : 1.0
   vqmver    : 2.1.5
   author    : Eugene Kuligin by Ukrainian OpenCart Development Team

File Name    : catalog/view/theme/default/template/product/category.tpl(0)
VQModObject::applyMod - SEARCH NOT FOUND (ABORTING MOD): <input type="button" value="<?php echo $button_cart; ?>" onclick="addToCart('<?php echo $product['product_id']; ?>');" class="button" />
----------------------------------------------------------------------


---------- Date: 2019-05-05 16:47:43 ~ IP : 127.0.0.1 ----------
REQUEST URI : /semena/
MOD DETAILS:
   modFile   : X:\home\agrosemena.test\www\vqmod/xml/vqmod_ocu_waitlist.xml
   id        : OCU Waitlist
   version   : 1.0
   vqmver    : 2.1.5
   author    : Eugene Kuligin by Ukrainian OpenCart Development Team

File Name    : catalog/view/theme/default/template/product/category.tpl(0)
VQModObject::applyMod - SEARCH NOT FOUND (ABORTING MOD): <input type="button" value="<?php echo $button_cart; ?>" onclick="addToCart('<?php echo $product['product_id']; ?>');" class="button" />
----------------------------------------------------------------------


---------- Date: 2019-05-05 16:48:51 ~ IP : 127.0.0.1 ----------
REQUEST URI : /semena/
MOD DETAILS:
   modFile   : X:\home\agrosemena.test\www\vqmod/xml/vqmod_ocu_waitlist.xml
   id        : OCU Waitlist
   version   : 1.0
   vqmver    : 2.1.5
   author    : Eugene Kuligin by Ukrainian OpenCart Development Team

File Name    : catalog/view/theme/default/template/product/category.tpl(0)
VQModObject::applyMod - SEARCH NOT FOUND (ABORTING MOD): <input type="button" value="<?php echo $button_cart; ?>" onclick="addToCart('<?php echo $product['product_id']; ?>');" class="button" />
----------------------------------------------------------------------


---------- Date: 2019-05-05 16:49:11 ~ IP : 127.0.0.1 ----------
REQUEST URI : /semena/
MOD DETAILS:
   modFile   : X:\home\agrosemena.test\www\vqmod/xml/vqmod_ocu_waitlist.xml
   id        : OCU Waitlist
   version   : 1.0
   vqmver    : 2.1.5
   author    : Eugene Kuligin by Ukrainian OpenCart Development Team

File Name    : catalog/view/theme/default/template/product/category.tpl(0)
VQModObject::applyMod - SEARCH NOT FOUND (ABORTING MOD): <input type="button" value="<?php echo $button_cart; ?>" onclick="addToCart('<?php echo $product['product_id']; ?>');" class="button" />
----------------------------------------------------------------------


---------- Date: 2019-05-05 16:53:26 ~ IP : 127.0.0.1 ----------
REQUEST URI : /semena/
MOD DETAILS:
   modFile   : X:\home\agrosemena.test\www\vqmod/xml/vqmod_ocu_waitlist.xml
   id        : OCU Waitlist
   version   : 1.0
   vqmver    : 2.1.5
   author    : Eugene Kuligin by Ukrainian OpenCart Development Team

File Name    : catalog/view/theme/default/template/product/category.tpl(0)
VQModObject::applyMod - SEARCH NOT FOUND (ABORTING MOD): <input type="button" value="<?php echo $button_cart; ?>" onclick="addToCart('<?php echo $product['product_id']; ?>');" class="button" />
----------------------------------------------------------------------


---------- Date: 2019-05-05 16:53:35 ~ IP : 127.0.0.1 ----------
REQUEST URI : /semena/drazhirovannye-semena/
MOD DETAILS:
   modFile   : X:\home\agrosemena.test\www\vqmod/xml/vqmod_ocu_waitlist.xml
   id        : OCU Waitlist
   version   : 1.0
   vqmver    : 2.1.5
   author    : Eugene Kuligin by Ukrainian OpenCart Development Team

File Name    : catalog/view/theme/default/template/product/category.tpl(0)
VQModObject::applyMod - SEARCH NOT FOUND (ABORTING MOD): <input type="button" value="<?php echo $button_cart; ?>" onclick="addToCart('<?php echo $product['product_id']; ?>');" class="button" />
----------------------------------------------------------------------


---------- Date: 2019-05-05 16:54:14 ~ IP : 127.0.0.1 ----------
REQUEST URI : /semena/vesovye-semena/
MOD DETAILS:
   modFile   : X:\home\agrosemena.test\www\vqmod/xml/vqmod_ocu_waitlist.xml
   id        : OCU Waitlist
   version   : 1.0
   vqmver    : 2.1.5
   author    : Eugene Kuligin by Ukrainian OpenCart Development Team

File Name    : catalog/view/theme/default/template/product/category.tpl(0)
VQModObject::applyMod - SEARCH NOT FOUND (ABORTING MOD): <input type="button" value="<?php echo $button_cart; ?>" onclick="addToCart('<?php echo $product['product_id']; ?>');" class="button" />
----------------------------------------------------------------------


---------- Date: 2019-05-05 16:54:18 ~ IP : 127.0.0.1 ----------
REQUEST URI : /semena/zelen/
MOD DETAILS:
   modFile   : X:\home\agrosemena.test\www\vqmod/xml/vqmod_ocu_waitlist.xml
   id        : OCU Waitlist
   version   : 1.0
   vqmver    : 2.1.5
   author    : Eugene Kuligin by Ukrainian OpenCart Development Team

File Name    : catalog/view/theme/default/template/product/category.tpl(0)
VQModObject::applyMod - SEARCH NOT FOUND (ABORTING MOD): <input type="button" value="<?php echo $button_cart; ?>" onclick="addToCart('<?php echo $product['product_id']; ?>');" class="button" />
----------------------------------------------------------------------


---------- Date: 2019-05-05 16:54:21 ~ IP : 127.0.0.1 ----------
REQUEST URI : /semena/vesovye-semena/
MOD DETAILS:
   modFile   : X:\home\agrosemena.test\www\vqmod/xml/vqmod_ocu_waitlist.xml
   id        : OCU Waitlist
   version   : 1.0
   vqmver    : 2.1.5
   author    : Eugene Kuligin by Ukrainian OpenCart Development Team

File Name    : catalog/view/theme/default/template/product/category.tpl(0)
VQModObject::applyMod - SEARCH NOT FOUND (ABORTING MOD): <input type="button" value="<?php echo $button_cart; ?>" onclick="addToCart('<?php echo $product['product_id']; ?>');" class="button" />
----------------------------------------------------------------------


---------- Date: 2019-05-05 16:54:29 ~ IP : 127.0.0.1 ----------
REQUEST URI : /semena/cvety/
MOD DETAILS:
   modFile   : X:\home\agrosemena.test\www\vqmod/xml/vqmod_ocu_waitlist.xml
   id        : OCU Waitlist
   version   : 1.0
   vqmver    : 2.1.5
   author    : Eugene Kuligin by Ukrainian OpenCart Development Team

File Name    : catalog/view/theme/default/template/product/category.tpl(0)
VQModObject::applyMod - SEARCH NOT FOUND (ABORTING MOD): <input type="button" value="<?php echo $button_cart; ?>" onclick="addToCart('<?php echo $product['product_id']; ?>');" class="button" />
----------------------------------------------------------------------


---------- Date: 2019-05-05 16:54:34 ~ IP : 127.0.0.1 ----------
REQUEST URI : /ruchnaya-seyalka/
MOD DETAILS:
   modFile   : X:\home\agrosemena.test\www\vqmod/xml/vqmod_ocu_waitlist.xml
   id        : OCU Waitlist
   version   : 1.0
   vqmver    : 2.1.5
   author    : Eugene Kuligin by Ukrainian OpenCart Development Team

File Name    : catalog/view/theme/default/template/product/category.tpl(0)
VQModObject::applyMod - SEARCH NOT FOUND (ABORTING MOD): <input type="button" value="<?php echo $button_cart; ?>" onclick="addToCart('<?php echo $product['product_id']; ?>');" class="button" />
----------------------------------------------------------------------


---------- Date: 2019-05-05 17:01:38 ~ IP : 127.0.0.1 ----------
REQUEST URI : /semena/
MOD DETAILS:
   modFile   : X:\home\agrosemena.test\www\vqmod/xml/vqmod_ocu_waitlist.xml
   id        : OCU Waitlist
   version   : 1.0
   vqmver    : 2.1.5
   author    : Eugene Kuligin by Ukrainian OpenCart Development Team

File Name    : catalog/view/theme/default/template/product/category.tpl(0)
VQModObject::applyMod - SEARCH NOT FOUND (ABORTING MOD): <input type="button" value="<?php echo $button_cart; ?>" onclick="addToCart('<?php echo $product['product_id']; ?>');" class="button" />
----------------------------------------------------------------------


---------- Date: 2019-05-05 17:02:20 ~ IP : 127.0.0.1 ----------
REQUEST URI : /semena/
MOD DETAILS:
   modFile   : X:\home\agrosemena.test\www\vqmod/xml/vqmod_ocu_waitlist.xml
   id        : OCU Waitlist
   version   : 1.0
   vqmver    : 2.1.5
   author    : Eugene Kuligin by Ukrainian OpenCart Development Team

File Name    : catalog/view/theme/default/template/product/category.tpl(0)
VQModObject::applyMod - SEARCH NOT FOUND (ABORTING MOD): <input type="button" value="<?php echo $button_cart; ?>" onclick="addToCart('<?php echo $product['product_id']; ?>');" class="button" />
----------------------------------------------------------------------


---------- Date: 2019-05-05 17:02:51 ~ IP : 127.0.0.1 ----------
REQUEST URI : /semena/
MOD DETAILS:
   modFile   : X:\home\agrosemena.test\www\vqmod/xml/vqmod_ocu_waitlist.xml
   id        : OCU Waitlist
   version   : 1.0
   vqmver    : 2.1.5
   author    : Eugene Kuligin by Ukrainian OpenCart Development Team

File Name    : catalog/view/theme/default/template/product/category.tpl(0)
VQModObject::applyMod - SEARCH NOT FOUND (ABORTING MOD): <input type="button" value="<?php echo $button_cart; ?>" onclick="addToCart('<?php echo $product['product_id']; ?>');" class="button" />
----------------------------------------------------------------------


---------- Date: 2019-05-05 17:03:19 ~ IP : 127.0.0.1 ----------
REQUEST URI : /semena/
MOD DETAILS:
   modFile   : X:\home\agrosemena.test\www\vqmod/xml/vqmod_ocu_waitlist.xml
   id        : OCU Waitlist
   version   : 1.0
   vqmver    : 2.1.5
   author    : Eugene Kuligin by Ukrainian OpenCart Development Team

File Name    : catalog/view/theme/default/template/product/category.tpl(0)
VQModObject::applyMod - SEARCH NOT FOUND (ABORTING MOD): <input type="button" value="<?php echo $button_cart; ?>" onclick="addToCart('<?php echo $product['product_id']; ?>');" class="button" />
----------------------------------------------------------------------


---------- Date: 2019-05-05 17:04:15 ~ IP : 127.0.0.1 ----------
REQUEST URI : /semena/
MOD DETAILS:
   modFile   : X:\home\agrosemena.test\www\vqmod/xml/vqmod_ocu_waitlist.xml
   id        : OCU Waitlist
   version   : 1.0
   vqmver    : 2.1.5
   author    : Eugene Kuligin by Ukrainian OpenCart Development Team

File Name    : catalog/view/theme/default/template/product/category.tpl(0)
VQModObject::applyMod - SEARCH NOT FOUND (ABORTING MOD): <input type="button" value="<?php echo $button_cart; ?>" onclick="addToCart('<?php echo $product['product_id']; ?>');" class="button" />
----------------------------------------------------------------------


---------- Date: 2019-05-05 17:04:18 ~ IP : 127.0.0.1 ----------
REQUEST URI : /semena/
MOD DETAILS:
   modFile   : X:\home\agrosemena.test\www\vqmod/xml/vqmod_ocu_waitlist.xml
   id        : OCU Waitlist
   version   : 1.0
   vqmver    : 2.1.5
   author    : Eugene Kuligin by Ukrainian OpenCart Development Team

File Name    : catalog/view/theme/default/template/product/category.tpl(0)
VQModObject::applyMod - SEARCH NOT FOUND (ABORTING MOD): <input type="button" value="<?php echo $button_cart; ?>" onclick="addToCart('<?php echo $product['product_id']; ?>');" class="button" />
----------------------------------------------------------------------


---------- Date: 2019-05-05 17:04:27 ~ IP : 127.0.0.1 ----------
REQUEST URI : /semena/
MOD DETAILS:
   modFile   : X:\home\agrosemena.test\www\vqmod/xml/vqmod_ocu_waitlist.xml
   id        : OCU Waitlist
   version   : 1.0
   vqmver    : 2.1.5
   author    : Eugene Kuligin by Ukrainian OpenCart Development Team

File Name    : catalog/view/theme/default/template/product/category.tpl(0)
VQModObject::applyMod - SEARCH NOT FOUND (ABORTING MOD): <input type="button" value="<?php echo $button_cart; ?>" onclick="addToCart('<?php echo $product['product_id']; ?>');" class="button" />
----------------------------------------------------------------------


---------- Date: 2019-05-05 17:04:54 ~ IP : 127.0.0.1 ----------
REQUEST URI : /semena/drazhirovannye-semena/
MOD DETAILS:
   modFile   : X:\home\agrosemena.test\www\vqmod/xml/vqmod_ocu_waitlist.xml
   id        : OCU Waitlist
   version   : 1.0
   vqmver    : 2.1.5
   author    : Eugene Kuligin by Ukrainian OpenCart Development Team

File Name    : catalog/view/theme/default/template/product/category.tpl(0)
VQModObject::applyMod - SEARCH NOT FOUND (ABORTING MOD): <input type="button" value="<?php echo $button_cart; ?>" onclick="addToCart('<?php echo $product['product_id']; ?>');" class="button" />
----------------------------------------------------------------------


---------- Date: 2019-05-05 17:05:08 ~ IP : 127.0.0.1 ----------
REQUEST URI : /semena/drazhirovannye-semena/
MOD DETAILS:
   modFile   : X:\home\agrosemena.test\www\vqmod/xml/vqmod_ocu_waitlist.xml
   id        : OCU Waitlist
   version   : 1.0
   vqmver    : 2.1.5
   author    : Eugene Kuligin by Ukrainian OpenCart Development Team

File Name    : catalog/view/theme/default/template/product/category.tpl(0)
VQModObject::applyMod - SEARCH NOT FOUND (ABORTING MOD): <input type="button" value="<?php echo $button_cart; ?>" onclick="addToCart('<?php echo $product['product_id']; ?>');" class="button" />
----------------------------------------------------------------------


---------- Date: 2019-05-05 17:06:11 ~ IP : 127.0.0.1 ----------
REQUEST URI : /semena/drazhirovannye-semena/
MOD DETAILS:
   modFile   : X:\home\agrosemena.test\www\vqmod/xml/vqmod_ocu_waitlist.xml
   id        : OCU Waitlist
   version   : 1.0
   vqmver    : 2.1.5
   author    : Eugene Kuligin by Ukrainian OpenCart Development Team

File Name    : catalog/view/theme/default/template/product/category.tpl(0)
VQModObject::applyMod - SEARCH NOT FOUND (ABORTING MOD): <input type="button" value="<?php echo $button_cart; ?>" onclick="addToCart('<?php echo $product['product_id']; ?>');" class="button" />
----------------------------------------------------------------------


---------- Date: 2019-05-05 17:06:15 ~ IP : 127.0.0.1 ----------
REQUEST URI : /semena/drazhirovannye-semena/
MOD DETAILS:
   modFile   : X:\home\agrosemena.test\www\vqmod/xml/vqmod_ocu_waitlist.xml
   id        : OCU Waitlist
   version   : 1.0
   vqmver    : 2.1.5
   author    : Eugene Kuligin by Ukrainian OpenCart Development Team

File Name    : catalog/view/theme/default/template/product/category.tpl(0)
VQModObject::applyMod - SEARCH NOT FOUND (ABORTING MOD): <input type="button" value="<?php echo $button_cart; ?>" onclick="addToCart('<?php echo $product['product_id']; ?>');" class="button" />
----------------------------------------------------------------------


---------- Date: 2019-05-05 17:06:23 ~ IP : 127.0.0.1 ----------
REQUEST URI : /semena/drazhirovannye-semena/
MOD DETAILS:
   modFile   : X:\home\agrosemena.test\www\vqmod/xml/vqmod_ocu_waitlist.xml
   id        : OCU Waitlist
   version   : 1.0
   vqmver    : 2.1.5
   author    : Eugene Kuligin by Ukrainian OpenCart Development Team

File Name    : catalog/view/theme/default/template/product/category.tpl(0)
VQModObject::applyMod - SEARCH NOT FOUND (ABORTING MOD): <input type="button" value="<?php echo $button_cart; ?>" onclick="addToCart('<?php echo $product['product_id']; ?>');" class="button" />
----------------------------------------------------------------------


---------- Date: 2019-05-05 17:06:24 ~ IP : 127.0.0.1 ----------
REQUEST URI : /semena/drazhirovannye-semena/
MOD DETAILS:
   modFile   : X:\home\agrosemena.test\www\vqmod/xml/vqmod_ocu_waitlist.xml
   id        : OCU Waitlist
   version   : 1.0
   vqmver    : 2.1.5
   author    : Eugene Kuligin by Ukrainian OpenCart Development Team

File Name    : catalog/view/theme/default/template/product/category.tpl(0)
VQModObject::applyMod - SEARCH NOT FOUND (ABORTING MOD): <input type="button" value="<?php echo $button_cart; ?>" onclick="addToCart('<?php echo $product['product_id']; ?>');" class="button" />
----------------------------------------------------------------------


---------- Date: 2019-05-05 17:06:27 ~ IP : 127.0.0.1 ----------
REQUEST URI : /semena/inkrustirovannye-semena/
MOD DETAILS:
   modFile   : X:\home\agrosemena.test\www\vqmod/xml/vqmod_ocu_waitlist.xml
   id        : OCU Waitlist
   version   : 1.0
   vqmver    : 2.1.5
   author    : Eugene Kuligin by Ukrainian OpenCart Development Team

File Name    : catalog/view/theme/default/template/product/category.tpl(0)
VQModObject::applyMod - SEARCH NOT FOUND (ABORTING MOD): <input type="button" value="<?php echo $button_cart; ?>" onclick="addToCart('<?php echo $product['product_id']; ?>');" class="button" />
----------------------------------------------------------------------


---------- Date: 2019-05-05 17:06:33 ~ IP : 127.0.0.1 ----------
REQUEST URI : /semena/drazhirovannye-semena/
MOD DETAILS:
   modFile   : X:\home\agrosemena.test\www\vqmod/xml/vqmod_ocu_waitlist.xml
   id        : OCU Waitlist
   version   : 1.0
   vqmver    : 2.1.5
   author    : Eugene Kuligin by Ukrainian OpenCart Development Team

File Name    : catalog/view/theme/default/template/product/category.tpl(0)
VQModObject::applyMod - SEARCH NOT FOUND (ABORTING MOD): <input type="button" value="<?php echo $button_cart; ?>" onclick="addToCart('<?php echo $product['product_id']; ?>');" class="button" />
----------------------------------------------------------------------


---------- Date: 2019-05-05 17:06:39 ~ IP : 127.0.0.1 ----------
REQUEST URI : /semena/inkrustirovannye-semena/
MOD DETAILS:
   modFile   : X:\home\agrosemena.test\www\vqmod/xml/vqmod_ocu_waitlist.xml
   id        : OCU Waitlist
   version   : 1.0
   vqmver    : 2.1.5
   author    : Eugene Kuligin by Ukrainian OpenCart Development Team

File Name    : catalog/view/theme/default/template/product/category.tpl(0)
VQModObject::applyMod - SEARCH NOT FOUND (ABORTING MOD): <input type="button" value="<?php echo $button_cart; ?>" onclick="addToCart('<?php echo $product['product_id']; ?>');" class="button" />
----------------------------------------------------------------------


---------- Date: 2019-05-05 17:06:42 ~ IP : 127.0.0.1 ----------
REQUEST URI : /semena/drazhirovannye-semena/
MOD DETAILS:
   modFile   : X:\home\agrosemena.test\www\vqmod/xml/vqmod_ocu_waitlist.xml
   id        : OCU Waitlist
   version   : 1.0
   vqmver    : 2.1.5
   author    : Eugene Kuligin by Ukrainian OpenCart Development Team

File Name    : catalog/view/theme/default/template/product/category.tpl(0)
VQModObject::applyMod - SEARCH NOT FOUND (ABORTING MOD): <input type="button" value="<?php echo $button_cart; ?>" onclick="addToCart('<?php echo $product['product_id']; ?>');" class="button" />
----------------------------------------------------------------------


---------- Date: 2019-05-05 17:07:05 ~ IP : 127.0.0.1 ----------
REQUEST URI : /semena/drazhirovannye-semena/
MOD DETAILS:
   modFile   : X:\home\agrosemena.test\www\vqmod/xml/vqmod_ocu_waitlist.xml
   id        : OCU Waitlist
   version   : 1.0
   vqmver    : 2.1.5
   author    : Eugene Kuligin by Ukrainian OpenCart Development Team

File Name    : catalog/view/theme/default/template/product/category.tpl(0)
VQModObject::applyMod - SEARCH NOT FOUND (ABORTING MOD): <input type="button" value="<?php echo $button_cart; ?>" onclick="addToCart('<?php echo $product['product_id']; ?>');" class="button" />
----------------------------------------------------------------------


---------- Date: 2019-05-05 17:09:30 ~ IP : 127.0.0.1 ----------
REQUEST URI : /semena/drazhirovannye-semena/
MOD DETAILS:
   modFile   : X:\home\agrosemena.test\www\vqmod/xml/vqmod_ocu_waitlist.xml
   id        : OCU Waitlist
   version   : 1.0
   vqmver    : 2.1.5
   author    : Eugene Kuligin by Ukrainian OpenCart Development Team

File Name    : catalog/view/theme/default/template/product/category.tpl(0)
VQModObject::applyMod - SEARCH NOT FOUND (ABORTING MOD): <input type="button" value="<?php echo $button_cart; ?>" onclick="addToCart('<?php echo $product['product_id']; ?>');" class="button" />
----------------------------------------------------------------------


---------- Date: 2019-05-05 17:09:43 ~ IP : 127.0.0.1 ----------
REQUEST URI : /semena/drazhirovannye-semena/
MOD DETAILS:
   modFile   : X:\home\agrosemena.test\www\vqmod/xml/vqmod_ocu_waitlist.xml
   id        : OCU Waitlist
   version   : 1.0
   vqmver    : 2.1.5
   author    : Eugene Kuligin by Ukrainian OpenCart Development Team

File Name    : catalog/view/theme/default/template/product/category.tpl(0)
VQModObject::applyMod - SEARCH NOT FOUND (ABORTING MOD): <input type="button" value="<?php echo $button_cart; ?>" onclick="addToCart('<?php echo $product['product_id']; ?>');" class="button" />
----------------------------------------------------------------------


---------- Date: 2019-05-05 17:10:07 ~ IP : 127.0.0.1 ----------
REQUEST URI : /semena/
MOD DETAILS:
   modFile   : X:\home\agrosemena.test\www\vqmod/xml/vqmod_ocu_waitlist.xml
   id        : OCU Waitlist
   version   : 1.0
   vqmver    : 2.1.5
   author    : Eugene Kuligin by Ukrainian OpenCart Development Team

File Name    : catalog/view/theme/default/template/product/category.tpl(0)
VQModObject::applyMod - SEARCH NOT FOUND (ABORTING MOD): <input type="button" value="<?php echo $button_cart; ?>" onclick="addToCart('<?php echo $product['product_id']; ?>');" class="button" />
----------------------------------------------------------------------


---------- Date: 2019-05-05 17:10:10 ~ IP : 127.0.0.1 ----------
REQUEST URI : /semena/drazhirovannye-semena/
MOD DETAILS:
   modFile   : X:\home\agrosemena.test\www\vqmod/xml/vqmod_ocu_waitlist.xml
   id        : OCU Waitlist
   version   : 1.0
   vqmver    : 2.1.5
   author    : Eugene Kuligin by Ukrainian OpenCart Development Team

File Name    : catalog/view/theme/default/template/product/category.tpl(0)
VQModObject::applyMod - SEARCH NOT FOUND (ABORTING MOD): <input type="button" value="<?php echo $button_cart; ?>" onclick="addToCart('<?php echo $product['product_id']; ?>');" class="button" />
----------------------------------------------------------------------


---------- Date: 2019-05-05 17:10:20 ~ IP : 127.0.0.1 ----------
REQUEST URI : /semena/inkrustirovannye-semena/
MOD DETAILS:
   modFile   : X:\home\agrosemena.test\www\vqmod/xml/vqmod_ocu_waitlist.xml
   id        : OCU Waitlist
   version   : 1.0
   vqmver    : 2.1.5
   author    : Eugene Kuligin by Ukrainian OpenCart Development Team

File Name    : catalog/view/theme/default/template/product/category.tpl(0)
VQModObject::applyMod - SEARCH NOT FOUND (ABORTING MOD): <input type="button" value="<?php echo $button_cart; ?>" onclick="addToCart('<?php echo $product['product_id']; ?>');" class="button" />
----------------------------------------------------------------------


---------- Date: 2019-05-05 17:10:27 ~ IP : 127.0.0.1 ----------
REQUEST URI : /semena/vesovye-semena/
MOD DETAILS:
   modFile   : X:\home\agrosemena.test\www\vqmod/xml/vqmod_ocu_waitlist.xml
   id        : OCU Waitlist
   version   : 1.0
   vqmver    : 2.1.5
   author    : Eugene Kuligin by Ukrainian OpenCart Development Team

File Name    : catalog/view/theme/default/template/product/category.tpl(0)
VQModObject::applyMod - SEARCH NOT FOUND (ABORTING MOD): <input type="button" value="<?php echo $button_cart; ?>" onclick="addToCart('<?php echo $product['product_id']; ?>');" class="button" />
----------------------------------------------------------------------


---------- Date: 2019-05-05 17:10:41 ~ IP : 127.0.0.1 ----------
REQUEST URI : /semena/ovoshhi/
MOD DETAILS:
   modFile   : X:\home\agrosemena.test\www\vqmod/xml/vqmod_ocu_waitlist.xml
   id        : OCU Waitlist
   version   : 1.0
   vqmver    : 2.1.5
   author    : Eugene Kuligin by Ukrainian OpenCart Development Team

File Name    : catalog/view/theme/default/template/product/category.tpl(0)
VQModObject::applyMod - SEARCH NOT FOUND (ABORTING MOD): <input type="button" value="<?php echo $button_cart; ?>" onclick="addToCart('<?php echo $product['product_id']; ?>');" class="button" />
----------------------------------------------------------------------


---------- Date: 2019-05-05 17:10:57 ~ IP : 127.0.0.1 ----------
REQUEST URI : /semena/ovoshhi/arbuzy/
MOD DETAILS:
   modFile   : X:\home\agrosemena.test\www\vqmod/xml/vqmod_ocu_waitlist.xml
   id        : OCU Waitlist
   version   : 1.0
   vqmver    : 2.1.5
   author    : Eugene Kuligin by Ukrainian OpenCart Development Team

File Name    : catalog/view/theme/default/template/product/category.tpl(0)
VQModObject::applyMod - SEARCH NOT FOUND (ABORTING MOD): <input type="button" value="<?php echo $button_cart; ?>" onclick="addToCart('<?php echo $product['product_id']; ?>');" class="button" />
----------------------------------------------------------------------


---------- Date: 2019-05-05 17:11:08 ~ IP : 127.0.0.1 ----------
REQUEST URI : /semena/ovoshhi/morkov/
MOD DETAILS:
   modFile   : X:\home\agrosemena.test\www\vqmod/xml/vqmod_ocu_waitlist.xml
   id        : OCU Waitlist
   version   : 1.0
   vqmver    : 2.1.5
   author    : Eugene Kuligin by Ukrainian OpenCart Development Team

File Name    : catalog/view/theme/default/template/product/category.tpl(0)
VQModObject::applyMod - SEARCH NOT FOUND (ABORTING MOD): <input type="button" value="<?php echo $button_cart; ?>" onclick="addToCart('<?php echo $product['product_id']; ?>');" class="button" />
----------------------------------------------------------------------


---------- Date: 2019-05-05 17:11:24 ~ IP : 127.0.0.1 ----------
REQUEST URI : /semena/zelen/
MOD DETAILS:
   modFile   : X:\home\agrosemena.test\www\vqmod/xml/vqmod_ocu_waitlist.xml
   id        : OCU Waitlist
   version   : 1.0
   vqmver    : 2.1.5
   author    : Eugene Kuligin by Ukrainian OpenCart Development Team

File Name    : catalog/view/theme/default/template/product/category.tpl(0)
VQModObject::applyMod - SEARCH NOT FOUND (ABORTING MOD): <input type="button" value="<?php echo $button_cart; ?>" onclick="addToCart('<?php echo $product['product_id']; ?>');" class="button" />
----------------------------------------------------------------------


---------- Date: 2019-05-05 17:11:30 ~ IP : 127.0.0.1 ----------
REQUEST URI : /semena/gollandskie-semena/
MOD DETAILS:
   modFile   : X:\home\agrosemena.test\www\vqmod/xml/vqmod_ocu_waitlist.xml
   id        : OCU Waitlist
   version   : 1.0
   vqmver    : 2.1.5
   author    : Eugene Kuligin by Ukrainian OpenCart Development Team

File Name    : catalog/view/theme/default/template/product/category.tpl(0)
VQModObject::applyMod - SEARCH NOT FOUND (ABORTING MOD): <input type="button" value="<?php echo $button_cart; ?>" onclick="addToCart('<?php echo $product['product_id']; ?>');" class="button" />
----------------------------------------------------------------------


---------- Date: 2019-05-05 17:11:38 ~ IP : 127.0.0.1 ----------
REQUEST URI : /semena/cvety/
MOD DETAILS:
   modFile   : X:\home\agrosemena.test\www\vqmod/xml/vqmod_ocu_waitlist.xml
   id        : OCU Waitlist
   version   : 1.0
   vqmver    : 2.1.5
   author    : Eugene Kuligin by Ukrainian OpenCart Development Team

File Name    : catalog/view/theme/default/template/product/category.tpl(0)
VQModObject::applyMod - SEARCH NOT FOUND (ABORTING MOD): <input type="button" value="<?php echo $button_cart; ?>" onclick="addToCart('<?php echo $product['product_id']; ?>');" class="button" />
----------------------------------------------------------------------


---------- Date: 2019-05-05 17:11:46 ~ IP : 127.0.0.1 ----------
REQUEST URI : /ruchnaya-seyalka/
MOD DETAILS:
   modFile   : X:\home\agrosemena.test\www\vqmod/xml/vqmod_ocu_waitlist.xml
   id        : OCU Waitlist
   version   : 1.0
   vqmver    : 2.1.5
   author    : Eugene Kuligin by Ukrainian OpenCart Development Team

File Name    : catalog/view/theme/default/template/product/category.tpl(0)
VQModObject::applyMod - SEARCH NOT FOUND (ABORTING MOD): <input type="button" value="<?php echo $button_cart; ?>" onclick="addToCart('<?php echo $product['product_id']; ?>');" class="button" />
----------------------------------------------------------------------


---------- Date: 2019-05-05 17:12:07 ~ IP : 127.0.0.1 ----------
REQUEST URI : /semena/
MOD DETAILS:
   modFile   : X:\home\agrosemena.test\www\vqmod/xml/vqmod_ocu_waitlist.xml
   id        : OCU Waitlist
   version   : 1.0
   vqmver    : 2.1.5
   author    : Eugene Kuligin by Ukrainian OpenCart Development Team

File Name    : catalog/view/theme/default/template/product/category.tpl(0)
VQModObject::applyMod - SEARCH NOT FOUND (ABORTING MOD): <input type="button" value="<?php echo $button_cart; ?>" onclick="addToCart('<?php echo $product['product_id']; ?>');" class="button" />
----------------------------------------------------------------------


---------- Date: 2019-05-05 17:12:40 ~ IP : 127.0.0.1 ----------
REQUEST URI : /semena/drazhirovannye-semena/
MOD DETAILS:
   modFile   : X:\home\agrosemena.test\www\vqmod/xml/vqmod_ocu_waitlist.xml
   id        : OCU Waitlist
   version   : 1.0
   vqmver    : 2.1.5
   author    : Eugene Kuligin by Ukrainian OpenCart Development Team

File Name    : catalog/view/theme/default/template/product/category.tpl(0)
VQModObject::applyMod - SEARCH NOT FOUND (ABORTING MOD): <input type="button" value="<?php echo $button_cart; ?>" onclick="addToCart('<?php echo $product['product_id']; ?>');" class="button" />
----------------------------------------------------------------------


---------- Date: 2019-05-05 17:12:44 ~ IP : 127.0.0.1 ----------
REQUEST URI : /semena/drazhirovannye-semena/lada-drazhirovannaja.php
MOD DETAILS:
   modFile   : X:\home\agrosemena.test\www\vqmod/xml/vqmod_ocu_waitlist.xml
   id        : OCU Waitlist
   version   : 1.0
   vqmver    : 2.1.5
   author    : Eugene Kuligin by Ukrainian OpenCart Development Team

File Name    : catalog/view/theme/default/template/product/product.tpl(3)
VQModObject::applyMod - SEARCH NOT FOUND (ABORTING MOD): <input type="button" value="<?php echo $button_cart; ?>" id="button-cart" class="button" />
----------------------------------------------------------------------


---------- Date: 2019-05-05 17:14:45 ~ IP : 127.0.0.1 ----------
REQUEST URI : /semena/drazhirovannye-semena/lada-drazhirovannaja.php
MOD DETAILS:
   modFile   : X:\home\agrosemena.test\www\vqmod/xml/vqmod_ocu_waitlist.xml
   id        : OCU Waitlist
   version   : 1.0
   vqmver    : 2.1.5
   author    : Eugene Kuligin by Ukrainian OpenCart Development Team

File Name    : catalog/view/theme/default/template/product/product.tpl(3)
VQModObject::applyMod - SEARCH NOT FOUND (ABORTING MOD): <input type="button" value="<?php echo $button_cart; ?>" id="button-cart" class="button" />
----------------------------------------------------------------------


---------- Date: 2019-05-05 17:40:38 ~ IP : 127.0.0.1 ----------
REQUEST URI : /semena/drazhirovannye-semena/lada-drazhirovannaja.php
MOD DETAILS:
   modFile   : X:\home\agrosemena.test\www\vqmod/xml/vqmod_ocu_waitlist.xml
   id        : OCU Waitlist
   version   : 1.0
   vqmver    : 2.1.5
   author    : Eugene Kuligin by Ukrainian OpenCart Development Team

File Name    : catalog/view/theme/default/template/product/product.tpl(3)
VQModObject::applyMod - SEARCH NOT FOUND (ABORTING MOD): <input type="button" value="<?php echo $button_cart; ?>" id="button-cart" class="button" />
----------------------------------------------------------------------


---------- Date: 2019-05-05 17:40:57 ~ IP : 127.0.0.1 ----------
REQUEST URI : /semena/drazhirovannye-semena/lada-drazhirovannaja.php
MOD DETAILS:
   modFile   : X:\home\agrosemena.test\www\vqmod/xml/vqmod_ocu_waitlist.xml
   id        : OCU Waitlist
   version   : 1.0
   vqmver    : 2.1.5
   author    : Eugene Kuligin by Ukrainian OpenCart Development Team

File Name    : catalog/view/theme/default/template/product/product.tpl(3)
VQModObject::applyMod - SEARCH NOT FOUND (ABORTING MOD): <input type="button" value="<?php echo $button_cart; ?>" id="button-cart" class="button" />
----------------------------------------------------------------------


---------- Date: 2019-05-05 17:42:39 ~ IP : 127.0.0.1 ----------
REQUEST URI : /semena/drazhirovannye-semena/lada-drazhirovannaja.php
MOD DETAILS:
   modFile   : X:\home\agrosemena.test\www\vqmod/xml/vqmod_ocu_waitlist.xml
   id        : OCU Waitlist
   version   : 1.0
   vqmver    : 2.1.5
   author    : Eugene Kuligin by Ukrainian OpenCart Development Team

File Name    : catalog/view/theme/default/template/product/product.tpl(3)
VQModObject::applyMod - SEARCH NOT FOUND (ABORTING MOD): <input type="button" value="<?php echo $button_cart; ?>" id="button-cart" class="button" />
----------------------------------------------------------------------


---------- Date: 2019-05-05 17:43:09 ~ IP : 127.0.0.1 ----------
REQUEST URI : /semena/drazhirovannye-semena/lada-drazhirovannaja.php
MOD DETAILS:
   modFile   : X:\home\agrosemena.test\www\vqmod/xml/vqmod_ocu_waitlist.xml
   id        : OCU Waitlist
   version   : 1.0
   vqmver    : 2.1.5
   author    : Eugene Kuligin by Ukrainian OpenCart Development Team

File Name    : catalog/view/theme/default/template/product/product.tpl(3)
VQModObject::applyMod - SEARCH NOT FOUND (ABORTING MOD): <input type="button" value="<?php echo $button_cart; ?>" id="button-cart" class="button" />
----------------------------------------------------------------------


---------- Date: 2019-05-05 17:43:28 ~ IP : 127.0.0.1 ----------
REQUEST URI : /semena/drazhirovannye-semena/lada-drazhirovannaja.php
MOD DETAILS:
   modFile   : X:\home\agrosemena.test\www\vqmod/xml/vqmod_ocu_waitlist.xml
   id        : OCU Waitlist
   version   : 1.0
   vqmver    : 2.1.5
   author    : Eugene Kuligin by Ukrainian OpenCart Development Team

File Name    : catalog/view/theme/default/template/product/product.tpl(3)
VQModObject::applyMod - SEARCH NOT FOUND (ABORTING MOD): <input type="button" value="<?php echo $button_cart; ?>" id="button-cart" class="button" />
----------------------------------------------------------------------


---------- Date: 2019-05-05 17:44:20 ~ IP : 127.0.0.1 ----------
REQUEST URI : /semena/drazhirovannye-semena/lada-drazhirovannaja.php
MOD DETAILS:
   modFile   : X:\home\agrosemena.test\www\vqmod/xml/vqmod_ocu_waitlist.xml
   id        : OCU Waitlist
   version   : 1.0
   vqmver    : 2.1.5
   author    : Eugene Kuligin by Ukrainian OpenCart Development Team

File Name    : catalog/view/theme/default/template/product/product.tpl(3)
VQModObject::applyMod - SEARCH NOT FOUND (ABORTING MOD): <input type="button" value="<?php echo $button_cart; ?>" id="button-cart" class="button" />
----------------------------------------------------------------------


---------- Date: 2019-05-05 17:44:41 ~ IP : 127.0.0.1 ----------
REQUEST URI : /ruchnaya-seyalka/
MOD DETAILS:
   modFile   : X:\home\agrosemena.test\www\vqmod/xml/vqmod_ocu_waitlist.xml
   id        : OCU Waitlist
   version   : 1.0
   vqmver    : 2.1.5
   author    : Eugene Kuligin by Ukrainian OpenCart Development Team

File Name    : catalog/view/theme/default/template/product/category.tpl(0)
VQModObject::applyMod - SEARCH NOT FOUND (ABORTING MOD): <input type="button" value="<?php echo $button_cart; ?>" onclick="addToCart('<?php echo $product['product_id']; ?>');" class="button" />
----------------------------------------------------------------------


---------- Date: 2019-05-05 18:54:57 ~ IP : 127.0.0.1 ----------
REQUEST URI : /semena/
MOD DETAILS:
   modFile   : X:\home\agrosemena.test\www\vqmod/xml/vqmod_ocu_waitlist.xml
   id        : OCU Waitlist
   version   : 1.0
   vqmver    : 2.1.5
   author    : Eugene Kuligin by Ukrainian OpenCart Development Team

File Name    : catalog/view/theme/default/template/product/category.tpl(0)
VQModObject::applyMod - SEARCH NOT FOUND (ABORTING MOD): <input type="button" value="<?php echo $button_cart; ?>" onclick="addToCart('<?php echo $product['product_id']; ?>');" class="button" />
----------------------------------------------------------------------


---------- Date: 2019-05-05 18:55:06 ~ IP : 127.0.0.1 ----------
REQUEST URI : /semena/drazhirovannye-semena/
MOD DETAILS:
   modFile   : X:\home\agrosemena.test\www\vqmod/xml/vqmod_ocu_waitlist.xml
   id        : OCU Waitlist
   version   : 1.0
   vqmver    : 2.1.5
   author    : Eugene Kuligin by Ukrainian OpenCart Development Team

File Name    : catalog/view/theme/default/template/product/category.tpl(0)
VQModObject::applyMod - SEARCH NOT FOUND (ABORTING MOD): <input type="button" value="<?php echo $button_cart; ?>" onclick="addToCart('<?php echo $product['product_id']; ?>');" class="button" />
----------------------------------------------------------------------


---------- Date: 2019-05-05 18:55:17 ~ IP : 127.0.0.1 ----------
REQUEST URI : /semena/drazhirovannye-semena/lada.php
MOD DETAILS:
   modFile   : X:\home\agrosemena.test\www\vqmod/xml/vqmod_ocu_waitlist.xml
   id        : OCU Waitlist
   version   : 1.0
   vqmver    : 2.1.5
   author    : Eugene Kuligin by Ukrainian OpenCart Development Team

File Name    : catalog/view/theme/default/template/product/product.tpl(3)
VQModObject::applyMod - SEARCH NOT FOUND (ABORTING MOD): <input type="button" value="<?php echo $button_cart; ?>" id="button-cart" class="button" />
----------------------------------------------------------------------


---------- Date: 2019-05-05 18:56:19 ~ IP : 127.0.0.1 ----------
REQUEST URI : /semena/
MOD DETAILS:
   modFile   : X:\home\agrosemena.test\www\vqmod/xml/vqmod_ocu_waitlist.xml
   id        : OCU Waitlist
   version   : 1.0
   vqmver    : 2.1.5
   author    : Eugene Kuligin by Ukrainian OpenCart Development Team

File Name    : catalog/view/theme/default/template/product/category.tpl(0)
VQModObject::applyMod - SEARCH NOT FOUND (ABORTING MOD): <input type="button" value="<?php echo $button_cart; ?>" onclick="addToCart('<?php echo $product['product_id']; ?>');" class="button" />
----------------------------------------------------------------------


---------- Date: 2019-05-05 18:56:26 ~ IP : 127.0.0.1 ----------
REQUEST URI : /semena/drazhirovannye-semena/
MOD DETAILS:
   modFile   : X:\home\agrosemena.test\www\vqmod/xml/vqmod_ocu_waitlist.xml
   id        : OCU Waitlist
   version   : 1.0
   vqmver    : 2.1.5
   author    : Eugene Kuligin by Ukrainian OpenCart Development Team

File Name    : catalog/view/theme/default/template/product/category.tpl(0)
VQModObject::applyMod - SEARCH NOT FOUND (ABORTING MOD): <input type="button" value="<?php echo $button_cart; ?>" onclick="addToCart('<?php echo $product['product_id']; ?>');" class="button" />
----------------------------------------------------------------------


---------- Date: 2019-05-05 18:56:36 ~ IP : 127.0.0.1 ----------
REQUEST URI : /semena/drazhirovannye-semena/
MOD DETAILS:
   modFile   : X:\home\agrosemena.test\www\vqmod/xml/vqmod_ocu_waitlist.xml
   id        : OCU Waitlist
   version   : 1.0
   vqmver    : 2.1.5
   author    : Eugene Kuligin by Ukrainian OpenCart Development Team

File Name    : catalog/view/theme/default/template/product/category.tpl(0)
VQModObject::applyMod - SEARCH NOT FOUND (ABORTING MOD): <input type="button" value="<?php echo $button_cart; ?>" onclick="addToCart('<?php echo $product['product_id']; ?>');" class="button" />
----------------------------------------------------------------------


---------- Date: 2019-05-05 18:56:48 ~ IP : 127.0.0.1 ----------
REQUEST URI : /semena/inkrustirovannye-semena/
MOD DETAILS:
   modFile   : X:\home\agrosemena.test\www\vqmod/xml/vqmod_ocu_waitlist.xml
   id        : OCU Waitlist
   version   : 1.0
   vqmver    : 2.1.5
   author    : Eugene Kuligin by Ukrainian OpenCart Development Team

File Name    : catalog/view/theme/default/template/product/category.tpl(0)
VQModObject::applyMod - SEARCH NOT FOUND (ABORTING MOD): <input type="button" value="<?php echo $button_cart; ?>" onclick="addToCart('<?php echo $product['product_id']; ?>');" class="button" />
----------------------------------------------------------------------


---------- Date: 2019-05-05 18:56:54 ~ IP : 127.0.0.1 ----------
REQUEST URI : /semena/ovoshhi/
MOD DETAILS:
   modFile   : X:\home\agrosemena.test\www\vqmod/xml/vqmod_ocu_waitlist.xml
   id        : OCU Waitlist
   version   : 1.0
   vqmver    : 2.1.5
   author    : Eugene Kuligin by Ukrainian OpenCart Development Team

File Name    : catalog/view/theme/default/template/product/category.tpl(0)
VQModObject::applyMod - SEARCH NOT FOUND (ABORTING MOD): <input type="button" value="<?php echo $button_cart; ?>" onclick="addToCart('<?php echo $product['product_id']; ?>');" class="button" />
----------------------------------------------------------------------


---------- Date: 2019-05-05 18:57:04 ~ IP : 127.0.0.1 ----------
REQUEST URI : /semena/ovoshhi/selderej/
MOD DETAILS:
   modFile   : X:\home\agrosemena.test\www\vqmod/xml/vqmod_ocu_waitlist.xml
   id        : OCU Waitlist
   version   : 1.0
   vqmver    : 2.1.5
   author    : Eugene Kuligin by Ukrainian OpenCart Development Team

File Name    : catalog/view/theme/default/template/product/category.tpl(0)
VQModObject::applyMod - SEARCH NOT FOUND (ABORTING MOD): <input type="button" value="<?php echo $button_cart; ?>" onclick="addToCart('<?php echo $product['product_id']; ?>');" class="button" />
----------------------------------------------------------------------


---------- Date: 2019-05-05 18:57:16 ~ IP : 127.0.0.1 ----------
REQUEST URI : /semena/vesovye-semena/
MOD DETAILS:
   modFile   : X:\home\agrosemena.test\www\vqmod/xml/vqmod_ocu_waitlist.xml
   id        : OCU Waitlist
   version   : 1.0
   vqmver    : 2.1.5
   author    : Eugene Kuligin by Ukrainian OpenCart Development Team

File Name    : catalog/view/theme/default/template/product/category.tpl(0)
VQModObject::applyMod - SEARCH NOT FOUND (ABORTING MOD): <input type="button" value="<?php echo $button_cart; ?>" onclick="addToCart('<?php echo $product['product_id']; ?>');" class="button" />
----------------------------------------------------------------------


---------- Date: 2019-05-05 18:57:25 ~ IP : 127.0.0.1 ----------
REQUEST URI : /semena/gollandskie-semena/
MOD DETAILS:
   modFile   : X:\home\agrosemena.test\www\vqmod/xml/vqmod_ocu_waitlist.xml
   id        : OCU Waitlist
   version   : 1.0
   vqmver    : 2.1.5
   author    : Eugene Kuligin by Ukrainian OpenCart Development Team

File Name    : catalog/view/theme/default/template/product/category.tpl(0)
VQModObject::applyMod - SEARCH NOT FOUND (ABORTING MOD): <input type="button" value="<?php echo $button_cart; ?>" onclick="addToCart('<?php echo $product['product_id']; ?>');" class="button" />
----------------------------------------------------------------------


---------- Date: 2019-05-05 18:57:35 ~ IP : 127.0.0.1 ----------
REQUEST URI : /ruchnaya-seyalka/
MOD DETAILS:
   modFile   : X:\home\agrosemena.test\www\vqmod/xml/vqmod_ocu_waitlist.xml
   id        : OCU Waitlist
   version   : 1.0
   vqmver    : 2.1.5
   author    : Eugene Kuligin by Ukrainian OpenCart Development Team

File Name    : catalog/view/theme/default/template/product/category.tpl(0)
VQModObject::applyMod - SEARCH NOT FOUND (ABORTING MOD): <input type="button" value="<?php echo $button_cart; ?>" onclick="addToCart('<?php echo $product['product_id']; ?>');" class="button" />
----------------------------------------------------------------------


---------- Date: 2019-05-05 18:58:07 ~ IP : 127.0.0.1 ----------
REQUEST URI : /ruchnaya-seyalka/
MOD DETAILS:
   modFile   : X:\home\agrosemena.test\www\vqmod/xml/vqmod_ocu_waitlist.xml
   id        : OCU Waitlist
   version   : 1.0
   vqmver    : 2.1.5
   author    : Eugene Kuligin by Ukrainian OpenCart Development Team

File Name    : catalog/view/theme/default/template/product/category.tpl(0)
VQModObject::applyMod - SEARCH NOT FOUND (ABORTING MOD): <input type="button" value="<?php echo $button_cart; ?>" onclick="addToCart('<?php echo $product['product_id']; ?>');" class="button" />
----------------------------------------------------------------------


---------- Date: 2019-05-05 18:58:26 ~ IP : 127.0.0.1 ----------
REQUEST URI : /ruchnaya-seyalka/
MOD DETAILS:
   modFile   : X:\home\agrosemena.test\www\vqmod/xml/vqmod_ocu_waitlist.xml
   id        : OCU Waitlist
   version   : 1.0
   vqmver    : 2.1.5
   author    : Eugene Kuligin by Ukrainian OpenCart Development Team

File Name    : catalog/view/theme/default/template/product/category.tpl(0)
VQModObject::applyMod - SEARCH NOT FOUND (ABORTING MOD): <input type="button" value="<?php echo $button_cart; ?>" onclick="addToCart('<?php echo $product['product_id']; ?>');" class="button" />
----------------------------------------------------------------------


---------- Date: 2019-05-05 18:58:48 ~ IP : 127.0.0.1 ----------
REQUEST URI : /semena/
MOD DETAILS:
   modFile   : X:\home\agrosemena.test\www\vqmod/xml/vqmod_ocu_waitlist.xml
   id        : OCU Waitlist
   version   : 1.0
   vqmver    : 2.1.5
   author    : Eugene Kuligin by Ukrainian OpenCart Development Team

File Name    : catalog/view/theme/default/template/product/category.tpl(0)
VQModObject::applyMod - SEARCH NOT FOUND (ABORTING MOD): <input type="button" value="<?php echo $button_cart; ?>" onclick="addToCart('<?php echo $product['product_id']; ?>');" class="button" />
----------------------------------------------------------------------


---------- Date: 2019-05-05 18:59:17 ~ IP : 127.0.0.1 ----------
REQUEST URI : /ruchnaya-seyalka/
MOD DETAILS:
   modFile   : X:\home\agrosemena.test\www\vqmod/xml/vqmod_ocu_waitlist.xml
   id        : OCU Waitlist
   version   : 1.0
   vqmver    : 2.1.5
   author    : Eugene Kuligin by Ukrainian OpenCart Development Team

File Name    : catalog/view/theme/default/template/product/category.tpl(0)
VQModObject::applyMod - SEARCH NOT FOUND (ABORTING MOD): <input type="button" value="<?php echo $button_cart; ?>" onclick="addToCart('<?php echo $product['product_id']; ?>');" class="button" />
----------------------------------------------------------------------


---------- Date: 2019-05-05 19:00:02 ~ IP : 127.0.0.1 ----------
REQUEST URI : /ruchnaya-seyalka/
MOD DETAILS:
   modFile   : X:\home\agrosemena.test\www\vqmod/xml/vqmod_ocu_waitlist.xml
   id        : OCU Waitlist
   version   : 1.0
   vqmver    : 2.1.5
   author    : Eugene Kuligin by Ukrainian OpenCart Development Team

File Name    : catalog/view/theme/default/template/product/category.tpl(0)
VQModObject::applyMod - SEARCH NOT FOUND (ABORTING MOD): <input type="button" value="<?php echo $button_cart; ?>" onclick="addToCart('<?php echo $product['product_id']; ?>');" class="button" />
----------------------------------------------------------------------


---------- Date: 2019-05-05 19:18:10 ~ IP : 127.0.0.1 ----------
REQUEST URI : /semena/cvety/
MOD DETAILS:
   modFile   : X:\home\agrosemena.test\www\vqmod/xml/vqmod_ocu_waitlist.xml
   id        : OCU Waitlist
   version   : 1.0
   vqmver    : 2.1.5
   author    : Eugene Kuligin by Ukrainian OpenCart Development Team

File Name    : catalog/view/theme/default/template/product/category.tpl(0)
VQModObject::applyMod - SEARCH NOT FOUND (ABORTING MOD): <input type="button" value="<?php echo $button_cart; ?>" onclick="addToCart('<?php echo $product['product_id']; ?>');" class="button" />
----------------------------------------------------------------------


---------- Date: 2019-05-05 20:10:17 ~ IP : 127.0.0.1 ----------
REQUEST URI : /semena/
MOD DETAILS:
   modFile   : X:\home\agrosemena.test\www\vqmod/xml/vqmod_ocu_waitlist.xml
   id        : OCU Waitlist
   version   : 1.0
   vqmver    : 2.1.5
   author    : Eugene Kuligin by Ukrainian OpenCart Development Team

File Name    : catalog/view/theme/default/template/product/category.tpl(0)
VQModObject::applyMod - SEARCH NOT FOUND (ABORTING MOD): <input type="button" value="<?php echo $button_cart; ?>" onclick="addToCart('<?php echo $product['product_id']; ?>');" class="button" />
----------------------------------------------------------------------


---------- Date: 2019-05-05 20:10:25 ~ IP : 127.0.0.1 ----------
REQUEST URI : /semena/
MOD DETAILS:
   modFile   : X:\home\agrosemena.test\www\vqmod/xml/vqmod_ocu_waitlist.xml
   id        : OCU Waitlist
   version   : 1.0
   vqmver    : 2.1.5
   author    : Eugene Kuligin by Ukrainian OpenCart Development Team

File Name    : catalog/view/theme/default/template/product/category.tpl(0)
VQModObject::applyMod - SEARCH NOT FOUND (ABORTING MOD): <input type="button" value="<?php echo $button_cart; ?>" onclick="addToCart('<?php echo $product['product_id']; ?>');" class="button" />
----------------------------------------------------------------------


---------- Date: 2019-05-05 20:12:43 ~ IP : 127.0.0.1 ----------
REQUEST URI : /semena/
MOD DETAILS:
   modFile   : X:\home\agrosemena.test\www\vqmod/xml/vqmod_ocu_waitlist.xml
   id        : OCU Waitlist
   version   : 1.0
   vqmver    : 2.1.5
   author    : Eugene Kuligin by Ukrainian OpenCart Development Team

File Name    : catalog/view/theme/default/template/product/category.tpl(0)
VQModObject::applyMod - SEARCH NOT FOUND (ABORTING MOD): <input type="button" value="<?php echo $button_cart; ?>" onclick="addToCart('<?php echo $product['product_id']; ?>');" class="button" />
----------------------------------------------------------------------


---------- Date: 2019-05-05 20:15:57 ~ IP : 127.0.0.1 ----------
REQUEST URI : /semena/
MOD DETAILS:
   modFile   : X:\home\agrosemena.test\www\vqmod/xml/vqmod_ocu_waitlist.xml
   id        : OCU Waitlist
   version   : 1.0
   vqmver    : 2.1.5
   author    : Eugene Kuligin by Ukrainian OpenCart Development Team

File Name    : catalog/view/theme/default/template/product/category.tpl(0)
VQModObject::applyMod - SEARCH NOT FOUND (ABORTING MOD): <input type="button" value="<?php echo $button_cart; ?>" onclick="addToCart('<?php echo $product['product_id']; ?>');" class="button" />
----------------------------------------------------------------------


---------- Date: 2019-05-05 20:16:06 ~ IP : 127.0.0.1 ----------
REQUEST URI : /semena/drazhirovannye-semena/
MOD DETAILS:
   modFile   : X:\home\agrosemena.test\www\vqmod/xml/vqmod_ocu_waitlist.xml
   id        : OCU Waitlist
   version   : 1.0
   vqmver    : 2.1.5
   author    : Eugene Kuligin by Ukrainian OpenCart Development Team

File Name    : catalog/view/theme/default/template/product/category.tpl(0)
VQModObject::applyMod - SEARCH NOT FOUND (ABORTING MOD): <input type="button" value="<?php echo $button_cart; ?>" onclick="addToCart('<?php echo $product['product_id']; ?>');" class="button" />
----------------------------------------------------------------------


---------- Date: 2019-05-05 20:16:22 ~ IP : 127.0.0.1 ----------
REQUEST URI : /semena/
MOD DETAILS:
   modFile   : X:\home\agrosemena.test\www\vqmod/xml/vqmod_ocu_waitlist.xml
   id        : OCU Waitlist
   version   : 1.0
   vqmver    : 2.1.5
   author    : Eugene Kuligin by Ukrainian OpenCart Development Team

File Name    : catalog/view/theme/default/template/product/category.tpl(0)
VQModObject::applyMod - SEARCH NOT FOUND (ABORTING MOD): <input type="button" value="<?php echo $button_cart; ?>" onclick="addToCart('<?php echo $product['product_id']; ?>');" class="button" />
----------------------------------------------------------------------


---------- Date: 2019-05-05 20:16:25 ~ IP : 127.0.0.1 ----------
REQUEST URI : /semena/ovoshhi/
MOD DETAILS:
   modFile   : X:\home\agrosemena.test\www\vqmod/xml/vqmod_ocu_waitlist.xml
   id        : OCU Waitlist
   version   : 1.0
   vqmver    : 2.1.5
   author    : Eugene Kuligin by Ukrainian OpenCart Development Team

File Name    : catalog/view/theme/default/template/product/category.tpl(0)
VQModObject::applyMod - SEARCH NOT FOUND (ABORTING MOD): <input type="button" value="<?php echo $button_cart; ?>" onclick="addToCart('<?php echo $product['product_id']; ?>');" class="button" />
----------------------------------------------------------------------


---------- Date: 2019-05-05 20:16:32 ~ IP : 127.0.0.1 ----------
REQUEST URI : /semena/ovoshhi/fasol/
MOD DETAILS:
   modFile   : X:\home\agrosemena.test\www\vqmod/xml/vqmod_ocu_waitlist.xml
   id        : OCU Waitlist
   version   : 1.0
   vqmver    : 2.1.5
   author    : Eugene Kuligin by Ukrainian OpenCart Development Team

File Name    : catalog/view/theme/default/template/product/category.tpl(0)
VQModObject::applyMod - SEARCH NOT FOUND (ABORTING MOD): <input type="button" value="<?php echo $button_cart; ?>" onclick="addToCart('<?php echo $product['product_id']; ?>');" class="button" />
----------------------------------------------------------------------


---------- Date: 2019-05-05 20:16:46 ~ IP : 127.0.0.1 ----------
REQUEST URI : /ruchnaya-seyalka/
MOD DETAILS:
   modFile   : X:\home\agrosemena.test\www\vqmod/xml/vqmod_ocu_waitlist.xml
   id        : OCU Waitlist
   version   : 1.0
   vqmver    : 2.1.5
   author    : Eugene Kuligin by Ukrainian OpenCart Development Team

File Name    : catalog/view/theme/default/template/product/category.tpl(0)
VQModObject::applyMod - SEARCH NOT FOUND (ABORTING MOD): <input type="button" value="<?php echo $button_cart; ?>" onclick="addToCart('<?php echo $product['product_id']; ?>');" class="button" />
----------------------------------------------------------------------


---------- Date: 2019-05-05 20:19:23 ~ IP : 127.0.0.1 ----------
REQUEST URI : /ruchnaya-seyalka/
MOD DETAILS:
   modFile   : X:\home\agrosemena.test\www\vqmod/xml/vqmod_ocu_waitlist.xml
   id        : OCU Waitlist
   version   : 1.0
   vqmver    : 2.1.5
   author    : Eugene Kuligin by Ukrainian OpenCart Development Team

File Name    : catalog/view/theme/default/template/product/category.tpl(0)
VQModObject::applyMod - SEARCH NOT FOUND (ABORTING MOD): <input type="button" value="<?php echo $button_cart; ?>" onclick="addToCart('<?php echo $product['product_id']; ?>');" class="button" />
----------------------------------------------------------------------


