---------- Date: 2019-04-30 18:06:45 ~ IP : 127.0.0.1 ----------
REQUEST URI : /semena/
MOD DETAILS:
   modFile   : X:\home\agrosemena.test\www\vqmod/xml/vqmod_ocu_waitlist.xml
   id        : OCU Waitlist
   version   : 1.0
   vqmver    : 2.1.5
   author    : Eugene Kuligin by Ukrainian OpenCart Development Team

File Name    : catalog/view/theme/default/template/product/category.tpl(0)
VQModObject::applyMod - SEARCH NOT FOUND (ABORTING MOD): <input type="button" value="<?php echo $button_cart; ?>" onclick="addToCart('<?php echo $product['product_id']; ?>');" class="button" />
----------------------------------------------------------------------


---------- Date: 2019-04-30 18:45:31 ~ IP : 127.0.0.1 ----------
REQUEST URI : /semena/vesovye-semena/lada-vesovye.php
MOD DETAILS:
   modFile   : X:\home\agrosemena.test\www\vqmod/xml/vqmod_ocu_waitlist.xml
   id        : OCU Waitlist
   version   : 1.0
   vqmver    : 2.1.5
   author    : Eugene Kuligin by Ukrainian OpenCart Development Team

File Name    : catalog/view/theme/default/template/product/product.tpl(3)
VQModObject::applyMod - SEARCH NOT FOUND (ABORTING MOD): <input type="button" value="<?php echo $button_cart; ?>" id="button-cart" class="button" />
----------------------------------------------------------------------


---------- Date: 2019-04-30 18:47:17 ~ IP : 127.0.0.1 ----------
REQUEST URI : /semena/vesovye-semena/lada-vesovye.php
MOD DETAILS:
   modFile   : X:\home\agrosemena.test\www\vqmod/xml/vqmod_ocu_waitlist.xml
   id        : OCU Waitlist
   version   : 1.0
   vqmver    : 2.1.5
   author    : Eugene Kuligin by Ukrainian OpenCart Development Team

File Name    : catalog/view/theme/default/template/product/product.tpl(3)
VQModObject::applyMod - SEARCH NOT FOUND (ABORTING MOD): <input type="button" value="<?php echo $button_cart; ?>" id="button-cart" class="button" />
----------------------------------------------------------------------


---------- Date: 2019-04-30 18:48:01 ~ IP : 127.0.0.1 ----------
REQUEST URI : /semena/vesovye-semena/lada-vesovye.php
MOD DETAILS:
   modFile   : X:\home\agrosemena.test\www\vqmod/xml/vqmod_ocu_waitlist.xml
   id        : OCU Waitlist
   version   : 1.0
   vqmver    : 2.1.5
   author    : Eugene Kuligin by Ukrainian OpenCart Development Team

File Name    : catalog/view/theme/default/template/product/product.tpl(3)
VQModObject::applyMod - SEARCH NOT FOUND (ABORTING MOD): <input type="button" value="<?php echo $button_cart; ?>" id="button-cart" class="button" />
----------------------------------------------------------------------


---------- Date: 2019-04-30 19:00:09 ~ IP : 127.0.0.1 ----------
REQUEST URI : /semena/vesovye-semena/lada-vesovye.php
MOD DETAILS:
   modFile   : X:\home\agrosemena.test\www\vqmod/xml/vqmod_ocu_waitlist.xml
   id        : OCU Waitlist
   version   : 1.0
   vqmver    : 2.1.5
   author    : Eugene Kuligin by Ukrainian OpenCart Development Team

File Name    : catalog/view/theme/default/template/product/product.tpl(3)
VQModObject::applyMod - SEARCH NOT FOUND (ABORTING MOD): <input type="button" value="<?php echo $button_cart; ?>" id="button-cart" class="button" />
----------------------------------------------------------------------


---------- Date: 2019-04-30 19:00:51 ~ IP : 127.0.0.1 ----------
REQUEST URI : /semena/vesovye-semena/lada-vesovye.php
MOD DETAILS:
   modFile   : X:\home\agrosemena.test\www\vqmod/xml/vqmod_ocu_waitlist.xml
   id        : OCU Waitlist
   version   : 1.0
   vqmver    : 2.1.5
   author    : Eugene Kuligin by Ukrainian OpenCart Development Team

File Name    : catalog/view/theme/default/template/product/product.tpl(3)
VQModObject::applyMod - SEARCH NOT FOUND (ABORTING MOD): <input type="button" value="<?php echo $button_cart; ?>" id="button-cart" class="button" />
----------------------------------------------------------------------


---------- Date: 2019-04-30 19:01:24 ~ IP : 127.0.0.1 ----------
REQUEST URI : /semena/vesovye-semena/lada-vesovye.php
MOD DETAILS:
   modFile   : X:\home\agrosemena.test\www\vqmod/xml/vqmod_ocu_waitlist.xml
   id        : OCU Waitlist
   version   : 1.0
   vqmver    : 2.1.5
   author    : Eugene Kuligin by Ukrainian OpenCart Development Team

File Name    : catalog/view/theme/default/template/product/product.tpl(3)
VQModObject::applyMod - SEARCH NOT FOUND (ABORTING MOD): <input type="button" value="<?php echo $button_cart; ?>" id="button-cart" class="button" />
----------------------------------------------------------------------


---------- Date: 2019-04-30 19:01:41 ~ IP : 127.0.0.1 ----------
REQUEST URI : /semena/vesovye-semena/lada-vesovye.php
MOD DETAILS:
   modFile   : X:\home\agrosemena.test\www\vqmod/xml/vqmod_ocu_waitlist.xml
   id        : OCU Waitlist
   version   : 1.0
   vqmver    : 2.1.5
   author    : Eugene Kuligin by Ukrainian OpenCart Development Team

File Name    : catalog/view/theme/default/template/product/product.tpl(3)
VQModObject::applyMod - SEARCH NOT FOUND (ABORTING MOD): <input type="button" value="<?php echo $button_cart; ?>" id="button-cart" class="button" />
----------------------------------------------------------------------


---------- Date: 2019-04-30 19:03:32 ~ IP : 127.0.0.1 ----------
REQUEST URI : /semena/vesovye-semena/lada-vesovye.php
MOD DETAILS:
   modFile   : X:\home\agrosemena.test\www\vqmod/xml/vqmod_ocu_waitlist.xml
   id        : OCU Waitlist
   version   : 1.0
   vqmver    : 2.1.5
   author    : Eugene Kuligin by Ukrainian OpenCart Development Team

File Name    : catalog/view/theme/default/template/product/product.tpl(3)
VQModObject::applyMod - SEARCH NOT FOUND (ABORTING MOD): <input type="button" value="<?php echo $button_cart; ?>" id="button-cart" class="button" />
----------------------------------------------------------------------


---------- Date: 2019-04-30 19:04:04 ~ IP : 127.0.0.1 ----------
REQUEST URI : /semena/vesovye-semena/lada-vesovye.php
MOD DETAILS:
   modFile   : X:\home\agrosemena.test\www\vqmod/xml/vqmod_ocu_waitlist.xml
   id        : OCU Waitlist
   version   : 1.0
   vqmver    : 2.1.5
   author    : Eugene Kuligin by Ukrainian OpenCart Development Team

File Name    : catalog/view/theme/default/template/product/product.tpl(3)
VQModObject::applyMod - SEARCH NOT FOUND (ABORTING MOD): <input type="button" value="<?php echo $button_cart; ?>" id="button-cart" class="button" />
----------------------------------------------------------------------


---------- Date: 2019-04-30 19:04:18 ~ IP : 127.0.0.1 ----------
REQUEST URI : /semena/vesovye-semena/lada-vesovye.php
MOD DETAILS:
   modFile   : X:\home\agrosemena.test\www\vqmod/xml/vqmod_ocu_waitlist.xml
   id        : OCU Waitlist
   version   : 1.0
   vqmver    : 2.1.5
   author    : Eugene Kuligin by Ukrainian OpenCart Development Team

File Name    : catalog/view/theme/default/template/product/product.tpl(3)
VQModObject::applyMod - SEARCH NOT FOUND (ABORTING MOD): <input type="button" value="<?php echo $button_cart; ?>" id="button-cart" class="button" />
----------------------------------------------------------------------


---------- Date: 2019-04-30 19:04:55 ~ IP : 127.0.0.1 ----------
REQUEST URI : /semena/vesovye-semena/lada-vesovye.php
MOD DETAILS:
   modFile   : X:\home\agrosemena.test\www\vqmod/xml/vqmod_ocu_waitlist.xml
   id        : OCU Waitlist
   version   : 1.0
   vqmver    : 2.1.5
   author    : Eugene Kuligin by Ukrainian OpenCart Development Team

File Name    : catalog/view/theme/default/template/product/product.tpl(3)
VQModObject::applyMod - SEARCH NOT FOUND (ABORTING MOD): <input type="button" value="<?php echo $button_cart; ?>" id="button-cart" class="button" />
----------------------------------------------------------------------


---------- Date: 2019-04-30 19:07:05 ~ IP : 127.0.0.1 ----------
REQUEST URI : /semena/vesovye-semena/lada-vesovye.php
MOD DETAILS:
   modFile   : X:\home\agrosemena.test\www\vqmod/xml/vqmod_ocu_waitlist.xml
   id        : OCU Waitlist
   version   : 1.0
   vqmver    : 2.1.5
   author    : Eugene Kuligin by Ukrainian OpenCart Development Team

File Name    : catalog/view/theme/default/template/product/product.tpl(3)
VQModObject::applyMod - SEARCH NOT FOUND (ABORTING MOD): <input type="button" value="<?php echo $button_cart; ?>" id="button-cart" class="button" />
----------------------------------------------------------------------


---------- Date: 2019-04-30 19:08:08 ~ IP : 127.0.0.1 ----------
REQUEST URI : /semena/vesovye-semena/lada-vesovye.php
MOD DETAILS:
   modFile   : X:\home\agrosemena.test\www\vqmod/xml/vqmod_ocu_waitlist.xml
   id        : OCU Waitlist
   version   : 1.0
   vqmver    : 2.1.5
   author    : Eugene Kuligin by Ukrainian OpenCart Development Team

File Name    : catalog/view/theme/default/template/product/product.tpl(3)
VQModObject::applyMod - SEARCH NOT FOUND (ABORTING MOD): <input type="button" value="<?php echo $button_cart; ?>" id="button-cart" class="button" />
----------------------------------------------------------------------


---------- Date: 2019-04-30 19:10:24 ~ IP : 127.0.0.1 ----------
REQUEST URI : /semena/vesovye-semena/lada-vesovye.php
MOD DETAILS:
   modFile   : X:\home\agrosemena.test\www\vqmod/xml/vqmod_ocu_waitlist.xml
   id        : OCU Waitlist
   version   : 1.0
   vqmver    : 2.1.5
   author    : Eugene Kuligin by Ukrainian OpenCart Development Team

File Name    : catalog/view/theme/default/template/product/product.tpl(3)
VQModObject::applyMod - SEARCH NOT FOUND (ABORTING MOD): <input type="button" value="<?php echo $button_cart; ?>" id="button-cart" class="button" />
----------------------------------------------------------------------


---------- Date: 2019-04-30 19:11:17 ~ IP : 127.0.0.1 ----------
REQUEST URI : /semena/vesovye-semena/lada-vesovye.php
MOD DETAILS:
   modFile   : X:\home\agrosemena.test\www\vqmod/xml/vqmod_ocu_waitlist.xml
   id        : OCU Waitlist
   version   : 1.0
   vqmver    : 2.1.5
   author    : Eugene Kuligin by Ukrainian OpenCart Development Team

File Name    : catalog/view/theme/default/template/product/product.tpl(3)
VQModObject::applyMod - SEARCH NOT FOUND (ABORTING MOD): <input type="button" value="<?php echo $button_cart; ?>" id="button-cart" class="button" />
----------------------------------------------------------------------


---------- Date: 2019-04-30 19:13:15 ~ IP : 127.0.0.1 ----------
REQUEST URI : /semena/vesovye-semena/lada-vesovye.php
MOD DETAILS:
   modFile   : X:\home\agrosemena.test\www\vqmod/xml/vqmod_ocu_waitlist.xml
   id        : OCU Waitlist
   version   : 1.0
   vqmver    : 2.1.5
   author    : Eugene Kuligin by Ukrainian OpenCart Development Team

File Name    : catalog/view/theme/default/template/product/product.tpl(3)
VQModObject::applyMod - SEARCH NOT FOUND (ABORTING MOD): <input type="button" value="<?php echo $button_cart; ?>" id="button-cart" class="button" />
----------------------------------------------------------------------


---------- Date: 2019-04-30 19:13:42 ~ IP : 127.0.0.1 ----------
REQUEST URI : /semena/vesovye-semena/lada-vesovye.php
MOD DETAILS:
   modFile   : X:\home\agrosemena.test\www\vqmod/xml/vqmod_ocu_waitlist.xml
   id        : OCU Waitlist
   version   : 1.0
   vqmver    : 2.1.5
   author    : Eugene Kuligin by Ukrainian OpenCart Development Team

File Name    : catalog/view/theme/default/template/product/product.tpl(3)
VQModObject::applyMod - SEARCH NOT FOUND (ABORTING MOD): <input type="button" value="<?php echo $button_cart; ?>" id="button-cart" class="button" />
----------------------------------------------------------------------


---------- Date: 2019-04-30 19:14:06 ~ IP : 127.0.0.1 ----------
REQUEST URI : /semena/vesovye-semena/lada-vesovye.php
MOD DETAILS:
   modFile   : X:\home\agrosemena.test\www\vqmod/xml/vqmod_ocu_waitlist.xml
   id        : OCU Waitlist
   version   : 1.0
   vqmver    : 2.1.5
   author    : Eugene Kuligin by Ukrainian OpenCart Development Team

File Name    : catalog/view/theme/default/template/product/product.tpl(3)
VQModObject::applyMod - SEARCH NOT FOUND (ABORTING MOD): <input type="button" value="<?php echo $button_cart; ?>" id="button-cart" class="button" />
----------------------------------------------------------------------


---------- Date: 2019-04-30 19:15:25 ~ IP : 127.0.0.1 ----------
REQUEST URI : /semena/vesovye-semena/lada-vesovye.php
MOD DETAILS:
   modFile   : X:\home\agrosemena.test\www\vqmod/xml/vqmod_ocu_waitlist.xml
   id        : OCU Waitlist
   version   : 1.0
   vqmver    : 2.1.5
   author    : Eugene Kuligin by Ukrainian OpenCart Development Team

File Name    : catalog/view/theme/default/template/product/product.tpl(3)
VQModObject::applyMod - SEARCH NOT FOUND (ABORTING MOD): <input type="button" value="<?php echo $button_cart; ?>" id="button-cart" class="button" />
----------------------------------------------------------------------


---------- Date: 2019-04-30 19:17:37 ~ IP : 127.0.0.1 ----------
REQUEST URI : /semena/vesovye-semena/lada-vesovye.php
MOD DETAILS:
   modFile   : X:\home\agrosemena.test\www\vqmod/xml/vqmod_ocu_waitlist.xml
   id        : OCU Waitlist
   version   : 1.0
   vqmver    : 2.1.5
   author    : Eugene Kuligin by Ukrainian OpenCart Development Team

File Name    : catalog/view/theme/default/template/product/product.tpl(3)
VQModObject::applyMod - SEARCH NOT FOUND (ABORTING MOD): <input type="button" value="<?php echo $button_cart; ?>" id="button-cart" class="button" />
----------------------------------------------------------------------


---------- Date: 2019-04-30 19:18:24 ~ IP : 127.0.0.1 ----------
REQUEST URI : /semena/vesovye-semena/lada-vesovye.php
MOD DETAILS:
   modFile   : X:\home\agrosemena.test\www\vqmod/xml/vqmod_ocu_waitlist.xml
   id        : OCU Waitlist
   version   : 1.0
   vqmver    : 2.1.5
   author    : Eugene Kuligin by Ukrainian OpenCart Development Team

File Name    : catalog/view/theme/default/template/product/product.tpl(3)
VQModObject::applyMod - SEARCH NOT FOUND (ABORTING MOD): <input type="button" value="<?php echo $button_cart; ?>" id="button-cart" class="button" />
----------------------------------------------------------------------


---------- Date: 2019-04-30 19:18:37 ~ IP : 127.0.0.1 ----------
REQUEST URI : /semena/vesovye-semena/lada-vesovye.php
MOD DETAILS:
   modFile   : X:\home\agrosemena.test\www\vqmod/xml/vqmod_ocu_waitlist.xml
   id        : OCU Waitlist
   version   : 1.0
   vqmver    : 2.1.5
   author    : Eugene Kuligin by Ukrainian OpenCart Development Team

File Name    : catalog/view/theme/default/template/product/product.tpl(3)
VQModObject::applyMod - SEARCH NOT FOUND (ABORTING MOD): <input type="button" value="<?php echo $button_cart; ?>" id="button-cart" class="button" />
----------------------------------------------------------------------


---------- Date: 2019-04-30 19:19:20 ~ IP : 127.0.0.1 ----------
REQUEST URI : /semena/vesovye-semena/lada-vesovye.php
MOD DETAILS:
   modFile   : X:\home\agrosemena.test\www\vqmod/xml/vqmod_ocu_waitlist.xml
   id        : OCU Waitlist
   version   : 1.0
   vqmver    : 2.1.5
   author    : Eugene Kuligin by Ukrainian OpenCart Development Team

File Name    : catalog/view/theme/default/template/product/product.tpl(3)
VQModObject::applyMod - SEARCH NOT FOUND (ABORTING MOD): <input type="button" value="<?php echo $button_cart; ?>" id="button-cart" class="button" />
----------------------------------------------------------------------


