---------- Date: 2019-05-02 15:46:31 ~ IP : 127.0.0.1 ----------
REQUEST URI : /semena/
MOD DETAILS:
   modFile   : X:\home\agrosemena.test\www\vqmod/xml/vqmod_ocu_waitlist.xml
   id        : OCU Waitlist
   version   : 1.0
   vqmver    : 2.1.5
   author    : Eugene Kuligin by Ukrainian OpenCart Development Team

File Name    : catalog/view/theme/default/template/product/category.tpl(0)
VQModObject::applyMod - SEARCH NOT FOUND (ABORTING MOD): <input type="button" value="<?php echo $button_cart; ?>" onclick="addToCart('<?php echo $product['product_id']; ?>');" class="button" />
----------------------------------------------------------------------


---------- Date: 2019-05-02 15:46:49 ~ IP : 127.0.0.1 ----------
REQUEST URI : /semena/
MOD DETAILS:
   modFile   : X:\home\agrosemena.test\www\vqmod/xml/vqmod_ocu_waitlist.xml
   id        : OCU Waitlist
   version   : 1.0
   vqmver    : 2.1.5
   author    : Eugene Kuligin by Ukrainian OpenCart Development Team

File Name    : catalog/view/theme/default/template/product/category.tpl(0)
VQModObject::applyMod - SEARCH NOT FOUND (ABORTING MOD): <input type="button" value="<?php echo $button_cart; ?>" onclick="addToCart('<?php echo $product['product_id']; ?>');" class="button" />
----------------------------------------------------------------------


---------- Date: 2019-05-02 15:49:02 ~ IP : 127.0.0.1 ----------
REQUEST URI : /semena/
MOD DETAILS:
   modFile   : X:\home\agrosemena.test\www\vqmod/xml/vqmod_ocu_waitlist.xml
   id        : OCU Waitlist
   version   : 1.0
   vqmver    : 2.1.5
   author    : Eugene Kuligin by Ukrainian OpenCart Development Team

File Name    : catalog/view/theme/default/template/product/category.tpl(0)
VQModObject::applyMod - SEARCH NOT FOUND (ABORTING MOD): <input type="button" value="<?php echo $button_cart; ?>" onclick="addToCart('<?php echo $product['product_id']; ?>');" class="button" />
----------------------------------------------------------------------


---------- Date: 2019-05-02 15:50:00 ~ IP : 127.0.0.1 ----------
REQUEST URI : /semena/
MOD DETAILS:
   modFile   : X:\home\agrosemena.test\www\vqmod/xml/vqmod_ocu_waitlist.xml
   id        : OCU Waitlist
   version   : 1.0
   vqmver    : 2.1.5
   author    : Eugene Kuligin by Ukrainian OpenCart Development Team

File Name    : catalog/view/theme/default/template/product/category.tpl(0)
VQModObject::applyMod - SEARCH NOT FOUND (ABORTING MOD): <input type="button" value="<?php echo $button_cart; ?>" onclick="addToCart('<?php echo $product['product_id']; ?>');" class="button" />
----------------------------------------------------------------------


---------- Date: 2019-05-02 15:50:27 ~ IP : 127.0.0.1 ----------
REQUEST URI : /semena/
MOD DETAILS:
   modFile   : X:\home\agrosemena.test\www\vqmod/xml/vqmod_ocu_waitlist.xml
   id        : OCU Waitlist
   version   : 1.0
   vqmver    : 2.1.5
   author    : Eugene Kuligin by Ukrainian OpenCart Development Team

File Name    : catalog/view/theme/default/template/product/category.tpl(0)
VQModObject::applyMod - SEARCH NOT FOUND (ABORTING MOD): <input type="button" value="<?php echo $button_cart; ?>" onclick="addToCart('<?php echo $product['product_id']; ?>');" class="button" />
----------------------------------------------------------------------


---------- Date: 2019-05-02 15:51:06 ~ IP : 127.0.0.1 ----------
REQUEST URI : /semena/
MOD DETAILS:
   modFile   : X:\home\agrosemena.test\www\vqmod/xml/vqmod_ocu_waitlist.xml
   id        : OCU Waitlist
   version   : 1.0
   vqmver    : 2.1.5
   author    : Eugene Kuligin by Ukrainian OpenCart Development Team

File Name    : catalog/view/theme/default/template/product/category.tpl(0)
VQModObject::applyMod - SEARCH NOT FOUND (ABORTING MOD): <input type="button" value="<?php echo $button_cart; ?>" onclick="addToCart('<?php echo $product['product_id']; ?>');" class="button" />
----------------------------------------------------------------------


---------- Date: 2019-05-02 15:51:43 ~ IP : 127.0.0.1 ----------
REQUEST URI : /semena/
MOD DETAILS:
   modFile   : X:\home\agrosemena.test\www\vqmod/xml/vqmod_ocu_waitlist.xml
   id        : OCU Waitlist
   version   : 1.0
   vqmver    : 2.1.5
   author    : Eugene Kuligin by Ukrainian OpenCart Development Team

File Name    : catalog/view/theme/default/template/product/category.tpl(0)
VQModObject::applyMod - SEARCH NOT FOUND (ABORTING MOD): <input type="button" value="<?php echo $button_cart; ?>" onclick="addToCart('<?php echo $product['product_id']; ?>');" class="button" />
----------------------------------------------------------------------


---------- Date: 2019-05-02 15:52:59 ~ IP : 127.0.0.1 ----------
REQUEST URI : /semena/
MOD DETAILS:
   modFile   : X:\home\agrosemena.test\www\vqmod/xml/vqmod_ocu_waitlist.xml
   id        : OCU Waitlist
   version   : 1.0
   vqmver    : 2.1.5
   author    : Eugene Kuligin by Ukrainian OpenCart Development Team

File Name    : catalog/view/theme/default/template/product/category.tpl(0)
VQModObject::applyMod - SEARCH NOT FOUND (ABORTING MOD): <input type="button" value="<?php echo $button_cart; ?>" onclick="addToCart('<?php echo $product['product_id']; ?>');" class="button" />
----------------------------------------------------------------------


---------- Date: 2019-05-02 15:53:29 ~ IP : 127.0.0.1 ----------
REQUEST URI : /semena/
MOD DETAILS:
   modFile   : X:\home\agrosemena.test\www\vqmod/xml/vqmod_ocu_waitlist.xml
   id        : OCU Waitlist
   version   : 1.0
   vqmver    : 2.1.5
   author    : Eugene Kuligin by Ukrainian OpenCart Development Team

File Name    : catalog/view/theme/default/template/product/category.tpl(0)
VQModObject::applyMod - SEARCH NOT FOUND (ABORTING MOD): <input type="button" value="<?php echo $button_cart; ?>" onclick="addToCart('<?php echo $product['product_id']; ?>');" class="button" />
----------------------------------------------------------------------


---------- Date: 2019-05-02 15:53:41 ~ IP : 127.0.0.1 ----------
REQUEST URI : /semena/
MOD DETAILS:
   modFile   : X:\home\agrosemena.test\www\vqmod/xml/vqmod_ocu_waitlist.xml
   id        : OCU Waitlist
   version   : 1.0
   vqmver    : 2.1.5
   author    : Eugene Kuligin by Ukrainian OpenCart Development Team

File Name    : catalog/view/theme/default/template/product/category.tpl(0)
VQModObject::applyMod - SEARCH NOT FOUND (ABORTING MOD): <input type="button" value="<?php echo $button_cart; ?>" onclick="addToCart('<?php echo $product['product_id']; ?>');" class="button" />
----------------------------------------------------------------------


---------- Date: 2019-05-02 15:53:51 ~ IP : 127.0.0.1 ----------
REQUEST URI : /semena/
MOD DETAILS:
   modFile   : X:\home\agrosemena.test\www\vqmod/xml/vqmod_ocu_waitlist.xml
   id        : OCU Waitlist
   version   : 1.0
   vqmver    : 2.1.5
   author    : Eugene Kuligin by Ukrainian OpenCart Development Team

File Name    : catalog/view/theme/default/template/product/category.tpl(0)
VQModObject::applyMod - SEARCH NOT FOUND (ABORTING MOD): <input type="button" value="<?php echo $button_cart; ?>" onclick="addToCart('<?php echo $product['product_id']; ?>');" class="button" />
----------------------------------------------------------------------


---------- Date: 2019-05-02 15:56:22 ~ IP : 127.0.0.1 ----------
REQUEST URI : /semena/
MOD DETAILS:
   modFile   : X:\home\agrosemena.test\www\vqmod/xml/vqmod_ocu_waitlist.xml
   id        : OCU Waitlist
   version   : 1.0
   vqmver    : 2.1.5
   author    : Eugene Kuligin by Ukrainian OpenCart Development Team

File Name    : catalog/view/theme/default/template/product/category.tpl(0)
VQModObject::applyMod - SEARCH NOT FOUND (ABORTING MOD): <input type="button" value="<?php echo $button_cart; ?>" onclick="addToCart('<?php echo $product['product_id']; ?>');" class="button" />
----------------------------------------------------------------------


---------- Date: 2019-05-02 15:56:48 ~ IP : 127.0.0.1 ----------
REQUEST URI : /ruchnaya-seyalka/
MOD DETAILS:
   modFile   : X:\home\agrosemena.test\www\vqmod/xml/vqmod_ocu_waitlist.xml
   id        : OCU Waitlist
   version   : 1.0
   vqmver    : 2.1.5
   author    : Eugene Kuligin by Ukrainian OpenCart Development Team

File Name    : catalog/view/theme/default/template/product/category.tpl(0)
VQModObject::applyMod - SEARCH NOT FOUND (ABORTING MOD): <input type="button" value="<?php echo $button_cart; ?>" onclick="addToCart('<?php echo $product['product_id']; ?>');" class="button" />
----------------------------------------------------------------------


---------- Date: 2019-05-02 16:07:30 ~ IP : 127.0.0.1 ----------
REQUEST URI : /semena/vesovye-semena/lada-vesovye.php
MOD DETAILS:
   modFile   : X:\home\agrosemena.test\www\vqmod/xml/vqmod_ocu_waitlist.xml
   id        : OCU Waitlist
   version   : 1.0
   vqmver    : 2.1.5
   author    : Eugene Kuligin by Ukrainian OpenCart Development Team

File Name    : catalog/view/theme/default/template/product/product.tpl(3)
VQModObject::applyMod - SEARCH NOT FOUND (ABORTING MOD): <input type="button" value="<?php echo $button_cart; ?>" id="button-cart" class="button" />
----------------------------------------------------------------------


---------- Date: 2019-05-02 16:31:52 ~ IP : 127.0.0.1 ----------
REQUEST URI : /semena/vesovye-semena/lada-vesovye.php
MOD DETAILS:
   modFile   : X:\home\agrosemena.test\www\vqmod/xml/vqmod_ocu_waitlist.xml
   id        : OCU Waitlist
   version   : 1.0
   vqmver    : 2.1.5
   author    : Eugene Kuligin by Ukrainian OpenCart Development Team

File Name    : catalog/view/theme/default/template/product/product.tpl(3)
VQModObject::applyMod - SEARCH NOT FOUND (ABORTING MOD): <input type="button" value="<?php echo $button_cart; ?>" id="button-cart" class="button" />
----------------------------------------------------------------------


---------- Date: 2019-05-02 16:33:18 ~ IP : 127.0.0.1 ----------
REQUEST URI : /semena/vesovye-semena/lada-vesovye.php
MOD DETAILS:
   modFile   : X:\home\agrosemena.test\www\vqmod/xml/vqmod_ocu_waitlist.xml
   id        : OCU Waitlist
   version   : 1.0
   vqmver    : 2.1.5
   author    : Eugene Kuligin by Ukrainian OpenCart Development Team

File Name    : catalog/view/theme/default/template/product/product.tpl(3)
VQModObject::applyMod - SEARCH NOT FOUND (ABORTING MOD): <input type="button" value="<?php echo $button_cart; ?>" id="button-cart" class="button" />
----------------------------------------------------------------------


---------- Date: 2019-05-02 16:33:23 ~ IP : 127.0.0.1 ----------
REQUEST URI : /semena/
MOD DETAILS:
   modFile   : X:\home\agrosemena.test\www\vqmod/xml/vqmod_ocu_waitlist.xml
   id        : OCU Waitlist
   version   : 1.0
   vqmver    : 2.1.5
   author    : Eugene Kuligin by Ukrainian OpenCart Development Team

File Name    : catalog/view/theme/default/template/product/category.tpl(0)
VQModObject::applyMod - SEARCH NOT FOUND (ABORTING MOD): <input type="button" value="<?php echo $button_cart; ?>" onclick="addToCart('<?php echo $product['product_id']; ?>');" class="button" />
----------------------------------------------------------------------


---------- Date: 2019-05-02 16:34:03 ~ IP : 127.0.0.1 ----------
REQUEST URI : /semena/drazhirovannye-semena/
MOD DETAILS:
   modFile   : X:\home\agrosemena.test\www\vqmod/xml/vqmod_ocu_waitlist.xml
   id        : OCU Waitlist
   version   : 1.0
   vqmver    : 2.1.5
   author    : Eugene Kuligin by Ukrainian OpenCart Development Team

File Name    : catalog/view/theme/default/template/product/category.tpl(0)
VQModObject::applyMod - SEARCH NOT FOUND (ABORTING MOD): <input type="button" value="<?php echo $button_cart; ?>" onclick="addToCart('<?php echo $product['product_id']; ?>');" class="button" />
----------------------------------------------------------------------


---------- Date: 2019-05-02 16:34:08 ~ IP : 127.0.0.1 ----------
REQUEST URI : /semena/inkrustirovannye-semena/
MOD DETAILS:
   modFile   : X:\home\agrosemena.test\www\vqmod/xml/vqmod_ocu_waitlist.xml
   id        : OCU Waitlist
   version   : 1.0
   vqmver    : 2.1.5
   author    : Eugene Kuligin by Ukrainian OpenCart Development Team

File Name    : catalog/view/theme/default/template/product/category.tpl(0)
VQModObject::applyMod - SEARCH NOT FOUND (ABORTING MOD): <input type="button" value="<?php echo $button_cart; ?>" onclick="addToCart('<?php echo $product['product_id']; ?>');" class="button" />
----------------------------------------------------------------------


